<?xml version="1.0" encoding="UTF-8"?>
<coverage generated="1598221920384" clover="3.2.0">
  <project timestamp="1598221920385" name="All files">
    <metrics statements="250" coveredstatements="246" conditionals="72" coveredconditionals="65" methods="78" coveredmethods="76" elements="400" coveredelements="387" complexity="0" loc="250" ncloc="250" packages="11" files="45" classes="45"/>
    <package name="src">
      <metrics statements="12" coveredstatements="12" conditionals="2" coveredconditionals="2" methods="2" coveredmethods="2"/>
      <file name="store.ts" path="D:\work\Otus_react\otus_react_game_of_life\src\store.ts">
        <metrics statements="12" coveredstatements="12" conditionals="2" coveredconditionals="2" methods="2" coveredmethods="2"/>
        <line num="13" count="4" type="stmt"/>
        <line num="18" count="4" type="stmt"/>
        <line num="20" count="4" type="stmt"/>
        <line num="25" count="4" type="stmt"/>
        <line num="26" count="4" type="stmt"/>
        <line num="27" count="46" type="cond" truecount="2" falsecount="0"/>
        <line num="28" count="6" type="stmt"/>
        <line num="31" count="46" type="stmt"/>
        <line num="35" count="4" type="stmt"/>
        <line num="36" count="4" type="stmt"/>
        <line num="39" count="4" type="stmt"/>
        <line num="44" count="4" type="stmt"/>
      </file>
    </package>
    <package name="src.components.Cell">
      <metrics statements="13" coveredstatements="12" conditionals="3" coveredconditionals="2" methods="5" coveredmethods="5"/>
      <file name="Cell.styles.tsx" path="D:\work\Otus_react\otus_react_game_of_life\src\components\Cell\Cell.styles.tsx">
        <metrics statements="11" coveredstatements="10" conditionals="3" coveredconditionals="2" methods="4" coveredmethods="4"/>
        <line num="6" count="7" type="stmt"/>
        <line num="11" count="7" type="stmt"/>
        <line num="16" count="7" type="stmt"/>
        <line num="17" count="3608" type="cond" truecount="2" falsecount="1"/>
        <line num="19" count="1244" type="stmt"/>
        <line num="21" count="2364" type="stmt"/>
        <line num="23" count="0" type="stmt"/>
        <line num="27" count="7" type="stmt"/>
        <line num="32" count="3608" type="stmt"/>
        <line num="33" count="3608" type="stmt"/>
        <line num="42" count="3608" type="stmt"/>
      </file>
      <file name="Cell.tsx" path="D:\work\Otus_react\otus_react_game_of_life\src\components\Cell\Cell.tsx">
        <metrics statements="2" coveredstatements="2" conditionals="0" coveredconditionals="0" methods="1" coveredmethods="1"/>
        <line num="11" count="7" type="stmt"/>
        <line num="12" count="3611" type="stmt"/>
      </file>
      <file name="CellState.ts" path="D:\work\Otus_react\otus_react_game_of_life\src\components\Cell\CellState.ts">
        <metrics statements="0" coveredstatements="0" conditionals="0" coveredconditionals="0" methods="0" coveredmethods="0"/>
      </file>
      <file name="index.ts" path="D:\work\Otus_react\otus_react_game_of_life\src\components\Cell\index.ts">
        <metrics statements="0" coveredstatements="0" conditionals="0" coveredconditionals="0" methods="0" coveredmethods="0"/>
      </file>
    </package>
    <package name="src.components.ImageButton">
      <metrics statements="5" coveredstatements="5" conditionals="6" coveredconditionals="6" methods="2" coveredmethods="2"/>
      <file name="ImageButton.styles.tsx" path="D:\work\Otus_react\otus_react_game_of_life\src\components\ImageButton\ImageButton.styles.tsx">
        <metrics statements="3" coveredstatements="3" conditionals="2" coveredconditionals="2" methods="1" coveredmethods="1"/>
        <line num="3" count="8" type="stmt"/>
        <line num="5" count="26" type="cond" truecount="2" falsecount="0"/>
        <line num="8" count="8" type="stmt"/>
      </file>
      <file name="ImageButton.tsx" path="D:\work\Otus_react\otus_react_game_of_life\src\components\ImageButton\ImageButton.tsx">
        <metrics statements="2" coveredstatements="2" conditionals="4" coveredconditionals="4" methods="1" coveredmethods="1"/>
        <line num="12" count="8" type="stmt"/>
        <line num="13" count="28" type="stmt"/>
      </file>
      <file name="index.ts" path="D:\work\Otus_react\otus_react_game_of_life\src\components\ImageButton\index.ts">
        <metrics statements="0" coveredstatements="0" conditionals="0" coveredconditionals="0" methods="0" coveredmethods="0"/>
      </file>
    </package>
    <package name="src.components.ImageButton.assets">
      <metrics statements="1" coveredstatements="1" conditionals="0" coveredconditionals="0" methods="0" coveredmethods="0"/>
      <file name="default.svg" path="D:\work\Otus_react\otus_react_game_of_life\src\components\ImageButton\assets\default.svg">
        <metrics statements="1" coveredstatements="1" conditionals="0" coveredconditionals="0" methods="0" coveredmethods="0"/>
        <line num="1" count="8" type="stmt"/>
      </file>
    </package>
    <package name="src.components.SettingsPanel">
      <metrics statements="24" coveredstatements="24" conditionals="2" coveredconditionals="2" methods="5" coveredmethods="5"/>
      <file name="GameSettings.ts" path="D:\work\Otus_react\otus_react_game_of_life\src\components\SettingsPanel\GameSettings.ts">
        <metrics statements="0" coveredstatements="0" conditionals="0" coveredconditionals="0" methods="0" coveredmethods="0"/>
      </file>
      <file name="Overlay.tsx" path="D:\work\Otus_react\otus_react_game_of_life\src\components\SettingsPanel\Overlay.tsx">
        <metrics statements="2" coveredstatements="2" conditionals="0" coveredconditionals="0" methods="1" coveredmethods="1"/>
        <line num="4" count="7" type="stmt"/>
        <line num="5" count="1" type="stmt"/>
      </file>
      <file name="SettingsPanel.styles.tsx" path="D:\work\Otus_react\otus_react_game_of_life\src\components\SettingsPanel\SettingsPanel.styles.tsx">
        <metrics statements="12" coveredstatements="12" conditionals="0" coveredconditionals="0" methods="0" coveredmethods="0"/>
        <line num="4" count="7" type="stmt"/>
        <line num="8" count="7" type="stmt"/>
        <line num="18" count="7" type="stmt"/>
        <line num="24" count="7" type="stmt"/>
        <line num="36" count="7" type="stmt"/>
        <line num="45" count="7" type="stmt"/>
        <line num="50" count="7" type="stmt"/>
        <line num="54" count="7" type="stmt"/>
        <line num="59" count="7" type="stmt"/>
        <line num="63" count="7" type="stmt"/>
        <line num="68" count="7" type="stmt"/>
        <line num="72" count="7" type="stmt"/>
      </file>
      <file name="SettingsPanel.tsx" path="D:\work\Otus_react\otus_react_game_of_life\src\components\SettingsPanel\SettingsPanel.tsx">
        <metrics statements="8" coveredstatements="8" conditionals="2" coveredconditionals="2" methods="3" coveredmethods="3"/>
        <line num="23" count="7" type="stmt"/>
        <line num="24" count="6" type="stmt"/>
        <line num="25" count="1" type="stmt"/>
        <line num="26" count="1" type="stmt"/>
        <line num="29" count="6" type="cond" truecount="2" falsecount="0"/>
        <line num="30" count="3" type="stmt"/>
        <line num="33" count="3" type="stmt"/>
        <line num="65" count="1" type="stmt"/>
      </file>
      <file name="XYSettingsSet.tsx" path="D:\work\Otus_react\otus_react_game_of_life\src\components\SettingsPanel\XYSettingsSet.tsx">
        <metrics statements="2" coveredstatements="2" conditionals="0" coveredconditionals="0" methods="1" coveredmethods="1"/>
        <line num="16" count="7" type="stmt"/>
        <line num="17" count="2" type="stmt"/>
      </file>
      <file name="index.ts" path="D:\work\Otus_react\otus_react_game_of_life\src\components\SettingsPanel\index.ts">
        <metrics statements="0" coveredstatements="0" conditionals="0" coveredconditionals="0" methods="0" coveredmethods="0"/>
      </file>
    </package>
    <package name="src.components.SettingsPanel.assets">
      <metrics statements="4" coveredstatements="4" conditionals="0" coveredconditionals="0" methods="0" coveredmethods="0"/>
      <file name="cancel_svg.svg" path="D:\work\Otus_react\otus_react_game_of_life\src\components\SettingsPanel\assets\cancel_svg.svg">
        <metrics statements="1" coveredstatements="1" conditionals="0" coveredconditionals="0" methods="0" coveredmethods="0"/>
        <line num="1" count="7" type="stmt"/>
      </file>
      <file name="h_arrows_svg.svg" path="D:\work\Otus_react\otus_react_game_of_life\src\components\SettingsPanel\assets\h_arrows_svg.svg">
        <metrics statements="1" coveredstatements="1" conditionals="0" coveredconditionals="0" methods="0" coveredmethods="0"/>
        <line num="1" count="7" type="stmt"/>
      </file>
      <file name="ok_svg.svg" path="D:\work\Otus_react\otus_react_game_of_life\src\components\SettingsPanel\assets\ok_svg.svg">
        <metrics statements="1" coveredstatements="1" conditionals="0" coveredconditionals="0" methods="0" coveredmethods="0"/>
        <line num="1" count="7" type="stmt"/>
      </file>
      <file name="v_arrows_svg.svg" path="D:\work\Otus_react\otus_react_game_of_life\src\components\SettingsPanel\assets\v_arrows_svg.svg">
        <metrics statements="1" coveredstatements="1" conditionals="0" coveredconditionals="0" methods="0" coveredmethods="0"/>
        <line num="1" count="7" type="stmt"/>
      </file>
    </package>
    <package name="src.modules.Auth">
      <metrics statements="62" coveredstatements="62" conditionals="26" coveredconditionals="25" methods="19" coveredmethods="19"/>
      <file name="Auth.styles.tsx" path="D:\work\Otus_react\otus_react_game_of_life\src\modules\Auth\Auth.styles.tsx">
        <metrics statements="4" coveredstatements="4" conditionals="0" coveredconditionals="0" methods="0" coveredmethods="0"/>
        <line num="3" count="6" type="stmt"/>
        <line num="13" count="6" type="stmt"/>
        <line num="19" count="6" type="stmt"/>
        <line num="29" count="6" type="stmt"/>
      </file>
      <file name="Auth.tsx" path="D:\work\Otus_react\otus_react_game_of_life\src\modules\Auth\Auth.tsx">
        <metrics statements="14" coveredstatements="14" conditionals="2" coveredconditionals="1" methods="6" coveredmethods="6"/>
        <line num="21" count="6" type="stmt"/>
        <line num="26" count="6" type="stmt"/>
        <line num="35" count="6" type="stmt"/>
        <line num="44" count="6" type="stmt"/>
        <line num="46" count="1" type="stmt"/>
        <line num="47" count="1" type="stmt"/>
        <line num="51" count="6" type="stmt"/>
        <line num="53" count="1" type="stmt"/>
        <line num="57" count="6" type="stmt"/>
        <line num="59" count="1" type="stmt"/>
        <line num="64" count="6" type="stmt"/>
        <line num="65" count="6" type="stmt"/>
        <line num="68" count="6" type="cond" truecount="1" falsecount="1"/>
        <line num="116" count="6" type="stmt"/>
      </file>
      <file name="authReducer.ts" path="D:\work\Otus_react\otus_react_game_of_life\src\modules\Auth\authReducer.ts">
        <metrics statements="13" coveredstatements="13" conditionals="6" coveredconditionals="6" methods="5" coveredmethods="5"/>
        <line num="10" count="7" type="stmt"/>
        <line num="16" count="7" type="stmt"/>
        <line num="21" count="3" type="stmt"/>
        <line num="24" count="3" type="stmt"/>
        <line num="27" count="10" type="cond" truecount="2" falsecount="0"/>
        <line num="28" count="9" type="stmt"/>
        <line num="30" count="9" type="cond" truecount="4" falsecount="0"/>
        <line num="31" count="6" type="stmt"/>
        <line num="37" count="2" type="stmt"/>
        <line num="38" count="2" type="stmt"/>
        <line num="39" count="2" type="stmt"/>
        <line num="50" count="7" type="stmt"/>
        <line num="51" count="7" type="stmt"/>
      </file>
      <file name="authSaga.ts" path="D:\work\Otus_react\otus_react_game_of_life\src\modules\Auth\authSaga.ts">
        <metrics statements="17" coveredstatements="17" conditionals="8" coveredconditionals="8" methods="5" coveredmethods="5"/>
        <line num="12" count="2" type="stmt"/>
        <line num="14" count="2" type="cond" truecount="2" falsecount="0"/>
        <line num="15" count="1" type="stmt"/>
        <line num="16" count="1" type="stmt"/>
        <line num="17" count="1" type="stmt"/>
        <line num="22" count="4" type="stmt"/>
        <line num="29" count="4" type="cond" truecount="2" falsecount="0"/>
        <line num="31" count="4" type="cond" truecount="2" falsecount="0"/>
        <line num="35" count="5" type="stmt"/>
        <line num="36" count="5" type="stmt"/>
        <line num="38" count="5" type="cond" truecount="2" falsecount="0"/>
        <line num="40" count="5" type="stmt"/>
        <line num="42" count="5" type="stmt"/>
        <line num="46" count="1" type="stmt"/>
        <line num="50" count="10" type="stmt"/>
        <line num="51" count="10" type="stmt"/>
        <line num="52" count="10" type="stmt"/>
      </file>
      <file name="authService.ts" path="D:\work\Otus_react\otus_react_game_of_life\src\modules\Auth\authService.ts">
        <metrics statements="14" coveredstatements="14" conditionals="10" coveredconditionals="10" methods="3" coveredmethods="3"/>
        <line num="10" count="5" type="stmt"/>
        <line num="11" count="5" type="stmt"/>
        <line num="14" count="4" type="cond" truecount="2" falsecount="0"/>
        <line num="16" count="4" type="cond" truecount="2" falsecount="0"/>
        <line num="18" count="4" type="cond" truecount="2" falsecount="0"/>
        <line num="19" count="2" type="stmt"/>
        <line num="22" count="2" type="stmt"/>
        <line num="26" count="3" type="stmt"/>
        <line num="27" count="3" type="stmt"/>
        <line num="31" count="10" type="cond" truecount="4" falsecount="0"/>
        <line num="32" count="2" type="stmt"/>
        <line num="35" count="8" type="stmt"/>
        <line num="36" count="8" type="stmt"/>
        <line num="40" count="5" type="stmt"/>
      </file>
      <file name="index.ts" path="D:\work\Otus_react\otus_react_game_of_life\src\modules\Auth\index.ts">
        <metrics statements="0" coveredstatements="0" conditionals="0" coveredconditionals="0" methods="0" coveredmethods="0"/>
      </file>
    </package>
    <package name="src.modules.Auth.assets">
      <metrics statements="1" coveredstatements="1" conditionals="0" coveredconditionals="0" methods="0" coveredmethods="0"/>
      <file name="game.svg" path="D:\work\Otus_react\otus_react_game_of_life\src\modules\Auth\assets\game.svg">
        <metrics statements="1" coveredstatements="1" conditionals="0" coveredconditionals="0" methods="0" coveredmethods="0"/>
        <line num="1" count="6" type="stmt"/>
      </file>
    </package>
    <package name="src.modules.Game">
      <metrics statements="107" coveredstatements="104" conditionals="33" coveredconditionals="28" methods="37" coveredmethods="35"/>
      <file name="Game.styles.tsx" path="D:\work\Otus_react\otus_react_game_of_life\src\modules\Game\Game.styles.tsx">
        <metrics statements="8" coveredstatements="8" conditionals="0" coveredconditionals="0" methods="0" coveredmethods="0"/>
        <line num="3" count="6" type="stmt"/>
        <line num="8" count="6" type="stmt"/>
        <line num="15" count="6" type="stmt"/>
        <line num="28" count="6" type="stmt"/>
        <line num="37" count="6" type="stmt"/>
        <line num="42" count="6" type="stmt"/>
        <line num="52" count="6" type="stmt"/>
        <line num="57" count="6" type="stmt"/>
      </file>
      <file name="Game.tsx" path="D:\work\Otus_react\otus_react_game_of_life\src\modules\Game\Game.tsx">
        <metrics statements="14" coveredstatements="13" conditionals="4" coveredconditionals="2" methods="6" coveredmethods="5"/>
        <line num="18" count="6" type="stmt"/>
        <line num="26" count="6" type="stmt"/>
        <line num="37" count="6" type="stmt"/>
        <line num="50" count="3" type="stmt"/>
        <line num="52" count="3" type="stmt"/>
        <line num="53" count="1" type="cond" truecount="1" falsecount="1"/>
        <line num="56" count="3" type="stmt"/>
        <line num="57" count="1" type="stmt"/>
        <line num="60" count="3" type="stmt"/>
        <line num="61" count="0" type="stmt"/>
        <line num="64" count="3" type="stmt"/>
        <line num="65" count="1" type="stmt"/>
        <line num="68" count="3" type="cond" truecount="1" falsecount="1"/>
        <line num="96" count="6" type="stmt"/>
      </file>
      <file name="Gender.ts" path="D:\work\Otus_react\otus_react_game_of_life\src\modules\Game\Gender.ts">
        <metrics statements="0" coveredstatements="0" conditionals="0" coveredconditionals="0" methods="0" coveredmethods="0"/>
      </file>
      <file name="MainLayout.tsx" path="D:\work\Otus_react\otus_react_game_of_life\src\modules\Game\MainLayout.tsx">
        <metrics statements="2" coveredstatements="2" conditionals="2" coveredconditionals="1" methods="1" coveredmethods="1"/>
        <line num="21" count="6" type="stmt"/>
        <line num="26" count="3" type="stmt"/>
      </file>
      <file name="RightSideLayout.tsx" path="D:\work\Otus_react\otus_react_game_of_life\src\modules\Game\RightSideLayout.tsx">
        <metrics statements="2" coveredstatements="2" conditionals="2" coveredconditionals="1" methods="1" coveredmethods="1"/>
        <line num="18" count="6" type="stmt"/>
        <line num="19" count="3" type="stmt"/>
      </file>
      <file name="User.ts" path="D:\work\Otus_react\otus_react_game_of_life\src\modules\Game\User.ts">
        <metrics statements="0" coveredstatements="0" conditionals="0" coveredconditionals="0" methods="0" coveredmethods="0"/>
      </file>
      <file name="gameReducer.ts" path="D:\work\Otus_react\otus_react_game_of_life\src\modules\Game\gameReducer.ts">
        <metrics statements="71" coveredstatements="69" conditionals="25" coveredconditionals="24" methods="25" coveredmethods="24"/>
        <line num="8" count="6" type="stmt"/>
        <line num="9" count="18" type="stmt"/>
        <line num="10" count="18" type="stmt"/>
        <line num="11" count="18" type="stmt"/>
        <line num="12" count="18" type="stmt"/>
        <line num="13" count="18" type="stmt"/>
        <line num="15" count="18" type="stmt"/>
        <line num="16" count="163" type="stmt"/>
        <line num="18" count="163" type="stmt"/>
        <line num="19" count="1805" type="stmt"/>
        <line num="21" count="1805" type="cond" truecount="2" falsecount="0"/>
        <line num="22" count="573" type="stmt"/>
        <line num="23" count="573" type="cond" truecount="2" falsecount="0"/>
        <line num="24" count="543" type="stmt"/>
        <line num="28" count="1805" type="stmt"/>
        <line num="30" count="163" type="stmt"/>
        <line num="32" count="18" type="stmt"/>
        <line num="35" count="6" type="stmt"/>
        <line num="52" count="6" type="stmt"/>
        <line num="60" count="6" type="stmt"/>
        <line num="65" count="2" type="cond" truecount="1" falsecount="1"/>
        <line num="66" count="2" type="stmt"/>
        <line num="67" count="2" type="stmt"/>
        <line num="68" count="2" type="stmt"/>
        <line num="69" count="2" type="stmt"/>
        <line num="71" count="2" type="stmt"/>
        <line num="73" count="0" type="stmt"/>
        <line num="76" count="6" type="stmt"/>
        <line num="81" count="6" type="stmt"/>
        <line num="84" count="2" type="stmt"/>
        <line num="87" count="2" type="stmt"/>
        <line num="90" count="2" type="stmt"/>
        <line num="93" count="6" type="stmt"/>
        <line num="96" count="10" type="stmt"/>
        <line num="97" count="10" type="stmt"/>
        <line num="100" count="9" type="stmt"/>
        <line num="103" count="2" type="stmt"/>
        <line num="121" count="6" type="stmt"/>
        <line num="122" count="6" type="stmt"/>
        <line num="124" count="6" type="stmt"/>
        <line num="125" count="12" type="stmt"/>
        <line num="126" count="6" type="stmt"/>
        <line num="127" count="0" type="stmt"/>
        <line num="130" count="6" type="stmt"/>
        <line num="131" count="504" type="stmt"/>
        <line num="132" count="3432" type="stmt"/>
        <line num="135" count="504" type="cond" truecount="7" falsecount="0"/>
        <line num="139" count="40" type="stmt"/>
        <line num="142" count="464" type="stmt"/>
        <line num="145" count="6" type="stmt"/>
        <line num="147" count="15" type="stmt"/>
        <line num="148" count="15" type="stmt"/>
        <line num="151" count="12" type="stmt"/>
        <line num="155" count="6" type="stmt"/>
        <line num="157" count="15" type="stmt"/>
        <line num="158" count="15" type="stmt"/>
        <line num="161" count="12" type="stmt"/>
        <line num="165" count="6" type="stmt"/>
        <line num="168" count="6" type="stmt"/>
        <line num="169" count="1808" type="cond" truecount="2" falsecount="0"/>
        <line num="175" count="6" type="stmt"/>
        <line num="182" count="52" type="stmt"/>
        <line num="189" count="504" type="stmt"/>
        <line num="190" count="504" type="cond" truecount="2" falsecount="0"/>
        <line num="197" count="504" type="cond" truecount="2" falsecount="0"/>
        <line num="204" count="504" type="cond" truecount="2" falsecount="0"/>
        <line num="205" count="504" type="cond" truecount="2" falsecount="0"/>
        <line num="206" count="504" type="stmt"/>
        <line num="207" count="504" type="stmt"/>
        <line num="212" count="52" type="stmt"/>
        <line num="213" count="52" type="stmt"/>
      </file>
      <file name="gameSaga.ts" path="D:\work\Otus_react\otus_react_game_of_life\src\modules\Game\gameSaga.ts">
        <metrics statements="10" coveredstatements="10" conditionals="0" coveredconditionals="0" methods="4" coveredmethods="4"/>
        <line num="14" count="4" type="stmt"/>
        <line num="15" count="6" type="stmt"/>
        <line num="16" count="6" type="stmt"/>
        <line num="17" count="6" type="stmt"/>
        <line num="18" count="6" type="stmt"/>
        <line num="23" count="4" type="stmt"/>
        <line num="24" count="4" type="stmt"/>
        <line num="25" count="1" type="stmt"/>
        <line num="29" count="8" type="stmt"/>
        <line num="33" count="8" type="stmt"/>
      </file>
      <file name="index.ts" path="D:\work\Otus_react\otus_react_game_of_life\src\modules\Game\index.ts">
        <metrics statements="0" coveredstatements="0" conditionals="0" coveredconditionals="0" methods="0" coveredmethods="0"/>
      </file>
    </package>
    <package name="src.modules.Game.Field">
      <metrics statements="14" coveredstatements="14" conditionals="0" coveredconditionals="0" methods="8" coveredmethods="8"/>
      <file name="CellRow.ts" path="D:\work\Otus_react\otus_react_game_of_life\src\modules\Game\Field\CellRow.ts">
        <metrics statements="0" coveredstatements="0" conditionals="0" coveredconditionals="0" methods="0" coveredmethods="0"/>
      </file>
      <file name="Field.styles.tsx" path="D:\work\Otus_react\otus_react_game_of_life\src\modules\Game\Field\Field.styles.tsx">
        <metrics statements="4" coveredstatements="4" conditionals="0" coveredconditionals="0" methods="2" coveredmethods="2"/>
        <line num="3" count="6" type="stmt"/>
        <line num="4" count="41" type="stmt"/>
        <line num="5" count="41" type="stmt"/>
        <line num="17" count="6" type="stmt"/>
      </file>
      <file name="Field.tsx" path="D:\work\Otus_react\otus_react_game_of_life\src\modules\Game\Field\Field.tsx">
        <metrics statements="10" coveredstatements="10" conditionals="0" coveredconditionals="0" methods="6" coveredmethods="6"/>
        <line num="13" count="41" type="stmt"/>
        <line num="21" count="6" type="stmt"/>
        <line num="26" count="6" type="stmt"/>
        <line num="34" count="41" type="stmt"/>
        <line num="36" count="1" type="stmt"/>
        <line num="40" count="41" type="stmt"/>
        <line num="43" count="366" type="stmt"/>
        <line num="45" count="3608" type="stmt"/>
        <line num="51" count="1" type="stmt"/>
        <line num="60" count="6" type="stmt"/>
      </file>
    </package>
    <package name="src.modules.Game.assets">
      <metrics statements="7" coveredstatements="7" conditionals="0" coveredconditionals="0" methods="0" coveredmethods="0"/>
      <file name="back.svg" path="D:\work\Otus_react\otus_react_game_of_life\src\modules\Game\assets\back.svg">
        <metrics statements="1" coveredstatements="1" conditionals="0" coveredconditionals="0" methods="0" coveredmethods="0"/>
        <line num="1" count="6" type="stmt"/>
      </file>
      <file name="forward.svg" path="D:\work\Otus_react\otus_react_game_of_life\src\modules\Game\assets\forward.svg">
        <metrics statements="1" coveredstatements="1" conditionals="0" coveredconditionals="0" methods="0" coveredmethods="0"/>
        <line num="1" count="6" type="stmt"/>
      </file>
      <file name="pause.svg" path="D:\work\Otus_react\otus_react_game_of_life\src\modules\Game\assets\pause.svg">
        <metrics statements="1" coveredstatements="1" conditionals="0" coveredconditionals="0" methods="0" coveredmethods="0"/>
        <line num="1" count="6" type="stmt"/>
      </file>
      <file name="play_pause.svg" path="D:\work\Otus_react\otus_react_game_of_life\src\modules\Game\assets\play_pause.svg">
        <metrics statements="1" coveredstatements="1" conditionals="0" coveredconditionals="0" methods="0" coveredmethods="0"/>
        <line num="1" count="6" type="stmt"/>
      </file>
      <file name="recycle.svg" path="D:\work\Otus_react\otus_react_game_of_life\src\modules\Game\assets\recycle.svg">
        <metrics statements="1" coveredstatements="1" conditionals="0" coveredconditionals="0" methods="0" coveredmethods="0"/>
        <line num="1" count="6" type="stmt"/>
      </file>
      <file name="reset.svg" path="D:\work\Otus_react\otus_react_game_of_life\src\modules\Game\assets\reset.svg">
        <metrics statements="1" coveredstatements="1" conditionals="0" coveredconditionals="0" methods="0" coveredmethods="0"/>
        <line num="1" count="6" type="stmt"/>
      </file>
      <file name="settings_svg.svg" path="D:\work\Otus_react\otus_react_game_of_life\src\modules\Game\assets\settings_svg.svg">
        <metrics statements="1" coveredstatements="1" conditionals="0" coveredconditionals="0" methods="0" coveredmethods="0"/>
        <line num="1" count="6" type="stmt"/>
      </file>
    </package>
  </project>
</coverage>
