{"D:\\work\\Otus_react\\otus_react_game_of_life\\src\\store.ts": {"path":"D:\\work\\Otus_react\\otus_react_game_of_life\\src\\store.ts","statementMap":{"0":{"start":{"line":13,"column":31},"end":{"line":16,"column":1}},"1":{"start":{"line":18,"column":30},"end":{"line":18,"column":52}},"2":{"start":{"line":20,"column":23},"end":{"line":23,"column":2}},"3":{"start":{"line":25,"column":23},"end":{"line":25,"column":46}},"4":{"start":{"line":26,"column":27},"end":{"line":32,"column":1}},"5":{"start":{"line":27,"column":2},"end":{"line":29,"column":3}},"6":{"start":{"line":28,"column":4},"end":{"line":28,"column":35}},"7":{"start":{"line":31,"column":2},"end":{"line":31,"column":32}},"8":{"start":{"line":35,"column":2},"end":{"line":35,"column":23}},"9":{"start":{"line":36,"column":2},"end":{"line":36,"column":23}},"10":{"start":{"line":39,"column":21},"end":{"line":42,"column":2}},"11":{"start":{"line":44,"column":0},"end":{"line":44,"column":29}}},"fnMap":{"0":{"name":"(anonymous_0)","decl":{"start":{"line":26,"column":27},"end":{"line":26,"column":28}},"loc":{"start":{"line":26,"column":56},"end":{"line":32,"column":1}},"line":26},"1":{"name":"rootSaga","decl":{"start":{"line":34,"column":10},"end":{"line":34,"column":18}},"loc":{"start":{"line":34,"column":21},"end":{"line":37,"column":1}},"line":34}},"branchMap":{"0":{"loc":{"start":{"line":27,"column":2},"end":{"line":29,"column":3}},"type":"if","locations":[{"start":{"line":27,"column":2},"end":{"line":29,"column":3}},{"start":{"line":27,"column":2},"end":{"line":29,"column":3}}],"line":27}},"s":{"0":4,"1":4,"2":4,"3":4,"4":4,"5":46,"6":6,"7":46,"8":4,"9":4,"10":4,"11":4},"f":{"0":46,"1":4},"b":{"0":[6,40]},"_coverageSchema":"1a1c01bbd47fc00a2c39e90264f33305004495a9","hash":"f79de6649399cdda5828910dcbe2cb97780790c6"}
,"D:\\work\\Otus_react\\otus_react_game_of_life\\src\\components\\Cell\\Cell.styles.tsx": {"path":"D:\\work\\Otus_react\\otus_react_game_of_life\\src\\components\\Cell\\Cell.styles.tsx","statementMap":{"0":{"start":{"line":6,"column":19},"end":{"line":9,"column":1}},"1":{"start":{"line":11,"column":18},"end":{"line":14,"column":1}},"2":{"start":{"line":16,"column":61},"end":{"line":25,"column":1}},"3":{"start":{"line":17,"column":2},"end":{"line":24,"column":3}},"4":{"start":{"line":19,"column":6},"end":{"line":19,"column":24}},"5":{"start":{"line":21,"column":6},"end":{"line":21,"column":23}},"6":{"start":{"line":23,"column":6},"end":{"line":23,"column":44}},"7":{"start":{"line":27,"column":26},"end":{"line":43,"column":1}},"8":{"start":{"line":32,"column":22},"end":{"line":32,"column":33}},"9":{"start":{"line":33,"column":23},"end":{"line":33,"column":35}},"10":{"start":{"line":42,"column":15},"end":{"line":42,"column":40}}},"fnMap":{"0":{"name":"(anonymous_0)","decl":{"start":{"line":16,"column":61},"end":{"line":16,"column":62}},"loc":{"start":{"line":16,"column":76},"end":{"line":25,"column":1}},"line":16},"1":{"name":"(anonymous_1)","decl":{"start":{"line":32,"column":11},"end":{"line":32,"column":12}},"loc":{"start":{"line":32,"column":22},"end":{"line":32,"column":33}},"line":32},"2":{"name":"(anonymous_2)","decl":{"start":{"line":33,"column":12},"end":{"line":33,"column":13}},"loc":{"start":{"line":33,"column":23},"end":{"line":33,"column":35}},"line":33},"3":{"name":"(anonymous_3)","decl":{"start":{"line":42,"column":4},"end":{"line":42,"column":5}},"loc":{"start":{"line":42,"column":15},"end":{"line":42,"column":40}},"line":42}},"branchMap":{"0":{"loc":{"start":{"line":17,"column":2},"end":{"line":24,"column":3}},"type":"switch","locations":[{"start":{"line":18,"column":4},"end":{"line":19,"column":24}},{"start":{"line":20,"column":4},"end":{"line":21,"column":23}},{"start":{"line":22,"column":4},"end":{"line":23,"column":44}}],"line":17}},"s":{"0":7,"1":7,"2":7,"3":3608,"4":1244,"5":2364,"6":0,"7":7,"8":3608,"9":3608,"10":3608},"f":{"0":3608,"1":3608,"2":3608,"3":3608},"b":{"0":[1244,2364,0]},"_coverageSchema":"1a1c01bbd47fc00a2c39e90264f33305004495a9","hash":"a3e58f93df55624ed783fa26c038b528d3b379ab"}
,"D:\\work\\Otus_react\\otus_react_game_of_life\\src\\components\\Cell\\Cell.tsx": {"path":"D:\\work\\Otus_react\\otus_react_game_of_life\\src\\components\\Cell\\Cell.tsx","statementMap":{"0":{"start":{"line":11,"column":5},"end":{"line":19,"column":1}},"1":{"start":{"line":12,"column":2},"end":{"line":18,"column":16}}},"fnMap":{"0":{"name":"(anonymous_0)","decl":{"start":{"line":11,"column":5},"end":{"line":11,"column":6}},"loc":{"start":{"line":12,"column":2},"end":{"line":18,"column":16}},"line":12}},"branchMap":{},"s":{"0":7,"1":3611},"f":{"0":3611},"b":{},"_coverageSchema":"1a1c01bbd47fc00a2c39e90264f33305004495a9","hash":"b070ff8d38d89265654c96ff15e7a7d5b91d7ae1"}
,"D:\\work\\Otus_react\\otus_react_game_of_life\\src\\components\\Cell\\CellState.ts": {"path":"D:\\work\\Otus_react\\otus_react_game_of_life\\src\\components\\Cell\\CellState.ts","statementMap":{},"fnMap":{},"branchMap":{},"s":{},"f":{},"b":{},"_coverageSchema":"1a1c01bbd47fc00a2c39e90264f33305004495a9","hash":"7a686d320b373da988affe5d48a65520ca6ebece"}
,"D:\\work\\Otus_react\\otus_react_game_of_life\\src\\components\\Cell\\index.ts": {"path":"D:\\work\\Otus_react\\otus_react_game_of_life\\src\\components\\Cell\\index.ts","statementMap":{},"fnMap":{},"branchMap":{},"s":{},"f":{},"b":{},"_coverageSchema":"1a1c01bbd47fc00a2c39e90264f33305004495a9","hash":"26be58231492699dc18a275d79c3fe825e222a9e"}
,"D:\\work\\Otus_react\\otus_react_game_of_life\\src\\components\\ImageButton\\ImageButton.styles.tsx": {"path":"D:\\work\\Otus_react\\otus_react_game_of_life\\src\\components\\ImageButton\\ImageButton.styles.tsx","statementMap":{"0":{"start":{"line":3,"column":27},"end":{"line":6,"column":1}},"1":{"start":{"line":5,"column":21},"end":{"line":5,"column":41}},"2":{"start":{"line":8,"column":28},"end":{"line":16,"column":1}}},"fnMap":{"0":{"name":"(anonymous_0)","decl":{"start":{"line":5,"column":13},"end":{"line":5,"column":14}},"loc":{"start":{"line":5,"column":21},"end":{"line":5,"column":41}},"line":5}},"branchMap":{"0":{"loc":{"start":{"line":5,"column":21},"end":{"line":5,"column":41}},"type":"cond-expr","locations":[{"start":{"line":5,"column":34},"end":{"line":5,"column":37}},{"start":{"line":5,"column":40},"end":{"line":5,"column":41}}],"line":5}},"s":{"0":8,"1":26,"2":8},"f":{"0":26},"b":{"0":[6,20]},"_coverageSchema":"1a1c01bbd47fc00a2c39e90264f33305004495a9","hash":"c40e4f94826dce26ef05df0ad5e3d363745378da"}
,"D:\\work\\Otus_react\\otus_react_game_of_life\\src\\components\\ImageButton\\ImageButton.tsx": {"path":"D:\\work\\Otus_react\\otus_react_game_of_life\\src\\components\\ImageButton\\ImageButton.tsx","statementMap":{"0":{"start":{"line":12,"column":5},"end":{"line":20,"column":1}},"1":{"start":{"line":13,"column":2},"end":{"line":19,"column":17}}},"fnMap":{"0":{"name":"(anonymous_0)","decl":{"start":{"line":12,"column":5},"end":{"line":12,"column":6}},"loc":{"start":{"line":13,"column":2},"end":{"line":19,"column":17}},"line":13}},"branchMap":{"0":{"loc":{"start":{"line":15,"column":11},"end":{"line":15,"column":28}},"type":"binary-expr","locations":[{"start":{"line":15,"column":11},"end":{"line":15,"column":14}},{"start":{"line":15,"column":18},"end":{"line":15,"column":28}}],"line":15},"1":{"loc":{"start":{"line":16,"column":16},"end":{"line":16,"column":33}},"type":"binary-expr","locations":[{"start":{"line":16,"column":16},"end":{"line":16,"column":24}},{"start":{"line":16,"column":28},"end":{"line":16,"column":33}}],"line":16}},"s":{"0":8,"1":28},"f":{"0":28},"b":{"0":[28,2],"1":[28,22]},"_coverageSchema":"1a1c01bbd47fc00a2c39e90264f33305004495a9","hash":"adaa5688048074c62595e9871f95018b2bff5f34"}
,"D:\\work\\Otus_react\\otus_react_game_of_life\\src\\components\\ImageButton\\index.ts": {"path":"D:\\work\\Otus_react\\otus_react_game_of_life\\src\\components\\ImageButton\\index.ts","statementMap":{},"fnMap":{},"branchMap":{},"s":{},"f":{},"b":{},"_coverageSchema":"1a1c01bbd47fc00a2c39e90264f33305004495a9","hash":"5d8293cbb73fc588a66b5e620b08fe0be3b63c72"}
,"D:\\work\\Otus_react\\otus_react_game_of_life\\src\\components\\ImageButton\\assets\\default.svg": {"path":"D:\\work\\Otus_react\\otus_react_game_of_life\\src\\components\\ImageButton\\assets\\default.svg","statementMap":{"0":{"start":{"line":1,"column":0},"end":{"line":1,"column":31}}},"fnMap":{},"branchMap":{},"s":{"0":8},"f":{},"b":{},"inputSourceMap":null,"_coverageSchema":"1a1c01bbd47fc00a2c39e90264f33305004495a9","hash":"d9ca3d19816fc2dbb0570116fde49bcd33fd2f12"}
,"D:\\work\\Otus_react\\otus_react_game_of_life\\src\\components\\SettingsPanel\\GameSettings.ts": {"path":"D:\\work\\Otus_react\\otus_react_game_of_life\\src\\components\\SettingsPanel\\GameSettings.ts","statementMap":{},"fnMap":{},"branchMap":{},"s":{},"f":{},"b":{},"_coverageSchema":"1a1c01bbd47fc00a2c39e90264f33305004495a9","hash":"6ca0d7dc7db7bf94e981c6880fb7ff4b5ced4bbe"}
,"D:\\work\\Otus_react\\otus_react_game_of_life\\src\\components\\SettingsPanel\\Overlay.tsx": {"path":"D:\\work\\Otus_react\\otus_react_game_of_life\\src\\components\\SettingsPanel\\Overlay.tsx","statementMap":{"0":{"start":{"line":4,"column":27},"end":{"line":9,"column":1}},"1":{"start":{"line":5,"column":2},"end":{"line":8,"column":5}}},"fnMap":{"0":{"name":"(anonymous_0)","decl":{"start":{"line":4,"column":27},"end":{"line":4,"column":28}},"loc":{"start":{"line":5,"column":2},"end":{"line":8,"column":5}},"line":5}},"branchMap":{},"s":{"0":7,"1":1},"f":{"0":1},"b":{},"_coverageSchema":"1a1c01bbd47fc00a2c39e90264f33305004495a9","hash":"7253875799df745f4f10de81813658f5e76a32be"}
,"D:\\work\\Otus_react\\otus_react_game_of_life\\src\\components\\SettingsPanel\\SettingsPanel.styles.tsx": {"path":"D:\\work\\Otus_react\\otus_react_game_of_life\\src\\components\\SettingsPanel\\SettingsPanel.styles.tsx","statementMap":{"0":{"start":{"line":4,"column":29},"end":{"line":6,"column":1}},"1":{"start":{"line":8,"column":37},"end":{"line":16,"column":1}},"2":{"start":{"line":18,"column":29},"end":{"line":22,"column":1}},"3":{"start":{"line":24,"column":26},"end":{"line":34,"column":1}},"4":{"start":{"line":36,"column":27},"end":{"line":43,"column":1}},"5":{"start":{"line":45,"column":30},"end":{"line":48,"column":1}},"6":{"start":{"line":50,"column":31},"end":{"line":52,"column":1}},"7":{"start":{"line":54,"column":30},"end":{"line":57,"column":1}},"8":{"start":{"line":59,"column":27},"end":{"line":61,"column":1}},"9":{"start":{"line":63,"column":27},"end":{"line":66,"column":1}},"10":{"start":{"line":68,"column":27},"end":{"line":70,"column":1}},"11":{"start":{"line":72,"column":32},"end":{"line":74,"column":1}}},"fnMap":{},"branchMap":{},"s":{"0":7,"1":7,"2":7,"3":7,"4":7,"5":7,"6":7,"7":7,"8":7,"9":7,"10":7,"11":7},"f":{},"b":{},"_coverageSchema":"1a1c01bbd47fc00a2c39e90264f33305004495a9","hash":"c878480d5d6f1f57d54ae1bfa4a63519df20bc10"}
,"D:\\work\\Otus_react\\otus_react_game_of_life\\src\\components\\SettingsPanel\\SettingsPanel.tsx": {"path":"D:\\work\\Otus_react\\otus_react_game_of_life\\src\\components\\SettingsPanel\\SettingsPanel.tsx","statementMap":{"0":{"start":{"line":23,"column":5},"end":{"line":79,"column":1}},"1":{"start":{"line":24,"column":27},"end":{"line":27,"column":3}},"2":{"start":{"line":25,"column":4},"end":{"line":25,"column":26}},"3":{"start":{"line":26,"column":4},"end":{"line":26,"column":32}},"4":{"start":{"line":29,"column":2},"end":{"line":31,"column":3}},"5":{"start":{"line":30,"column":4},"end":{"line":30,"column":16}},"6":{"start":{"line":33,"column":2},"end":{"line":78,"column":4}},"7":{"start":{"line":65,"column":29},"end":{"line":65,"column":56}}},"fnMap":{"0":{"name":"(anonymous_0)","decl":{"start":{"line":23,"column":5},"end":{"line":23,"column":6}},"loc":{"start":{"line":23,"column":67},"end":{"line":79,"column":1}},"line":23},"1":{"name":"(anonymous_1)","decl":{"start":{"line":24,"column":27},"end":{"line":24,"column":28}},"loc":{"start":{"line":24,"column":55},"end":{"line":27,"column":3}},"line":24},"2":{"name":"(anonymous_2)","decl":{"start":{"line":65,"column":23},"end":{"line":65,"column":24}},"loc":{"start":{"line":65,"column":29},"end":{"line":65,"column":56}},"line":65}},"branchMap":{"0":{"loc":{"start":{"line":29,"column":2},"end":{"line":31,"column":3}},"type":"if","locations":[{"start":{"line":29,"column":2},"end":{"line":31,"column":3}},{"start":{"line":29,"column":2},"end":{"line":31,"column":3}}],"line":29}},"s":{"0":7,"1":6,"2":1,"3":1,"4":6,"5":3,"6":3,"7":1},"f":{"0":6,"1":1,"2":1},"b":{"0":[3,3]},"_coverageSchema":"1a1c01bbd47fc00a2c39e90264f33305004495a9","hash":"5cdb94a9c64f0392f836d3e904e61521c647f8ab"}
,"D:\\work\\Otus_react\\otus_react_game_of_life\\src\\components\\SettingsPanel\\XYSettingsSet.tsx": {"path":"D:\\work\\Otus_react\\otus_react_game_of_life\\src\\components\\SettingsPanel\\XYSettingsSet.tsx","statementMap":{"0":{"start":{"line":16,"column":5},"end":{"line":30,"column":1}},"1":{"start":{"line":17,"column":2},"end":{"line":29,"column":19}}},"fnMap":{"0":{"name":"(anonymous_0)","decl":{"start":{"line":16,"column":5},"end":{"line":16,"column":6}},"loc":{"start":{"line":17,"column":2},"end":{"line":29,"column":19}},"line":17}},"branchMap":{},"s":{"0":7,"1":2},"f":{"0":2},"b":{},"_coverageSchema":"1a1c01bbd47fc00a2c39e90264f33305004495a9","hash":"a09a768647b7a4de3a54e9395e70d24d0f46e5ab"}
,"D:\\work\\Otus_react\\otus_react_game_of_life\\src\\components\\SettingsPanel\\index.ts": {"path":"D:\\work\\Otus_react\\otus_react_game_of_life\\src\\components\\SettingsPanel\\index.ts","statementMap":{},"fnMap":{},"branchMap":{},"s":{},"f":{},"b":{},"_coverageSchema":"1a1c01bbd47fc00a2c39e90264f33305004495a9","hash":"c48c2ada079bf58e23cefa371712734708ba97bb"}
,"D:\\work\\Otus_react\\otus_react_game_of_life\\src\\components\\SettingsPanel\\assets\\cancel_svg.svg": {"path":"D:\\work\\Otus_react\\otus_react_game_of_life\\src\\components\\SettingsPanel\\assets\\cancel_svg.svg","statementMap":{"0":{"start":{"line":1,"column":0},"end":{"line":1,"column":34}}},"fnMap":{},"branchMap":{},"s":{"0":7},"f":{},"b":{},"inputSourceMap":null,"_coverageSchema":"1a1c01bbd47fc00a2c39e90264f33305004495a9","hash":"920f85da40af7f71bb26c9ed408d863af60d57a4"}
,"D:\\work\\Otus_react\\otus_react_game_of_life\\src\\components\\SettingsPanel\\assets\\h_arrows_svg.svg": {"path":"D:\\work\\Otus_react\\otus_react_game_of_life\\src\\components\\SettingsPanel\\assets\\h_arrows_svg.svg","statementMap":{"0":{"start":{"line":1,"column":0},"end":{"line":1,"column":36}}},"fnMap":{},"branchMap":{},"s":{"0":7},"f":{},"b":{},"inputSourceMap":null,"_coverageSchema":"1a1c01bbd47fc00a2c39e90264f33305004495a9","hash":"6cf0e67e6a2586e78e25b58bbc1707d1a6316a8b"}
,"D:\\work\\Otus_react\\otus_react_game_of_life\\src\\components\\SettingsPanel\\assets\\ok_svg.svg": {"path":"D:\\work\\Otus_react\\otus_react_game_of_life\\src\\components\\SettingsPanel\\assets\\ok_svg.svg","statementMap":{"0":{"start":{"line":1,"column":0},"end":{"line":1,"column":30}}},"fnMap":{},"branchMap":{},"s":{"0":7},"f":{},"b":{},"inputSourceMap":null,"_coverageSchema":"1a1c01bbd47fc00a2c39e90264f33305004495a9","hash":"7078ecddf31f9da551cbed7871cae982b283891e"}
,"D:\\work\\Otus_react\\otus_react_game_of_life\\src\\components\\SettingsPanel\\assets\\v_arrows_svg.svg": {"path":"D:\\work\\Otus_react\\otus_react_game_of_life\\src\\components\\SettingsPanel\\assets\\v_arrows_svg.svg","statementMap":{"0":{"start":{"line":1,"column":0},"end":{"line":1,"column":36}}},"fnMap":{},"branchMap":{},"s":{"0":7},"f":{},"b":{},"inputSourceMap":null,"_coverageSchema":"1a1c01bbd47fc00a2c39e90264f33305004495a9","hash":"c3800d4c05d93fb215719cd10c4a7c800648ed5b"}
,"D:\\work\\Otus_react\\otus_react_game_of_life\\src\\modules\\Auth\\Auth.styles.tsx": {"path":"D:\\work\\Otus_react\\otus_react_game_of_life\\src\\modules\\Auth\\Auth.styles.tsx","statementMap":{"0":{"start":{"line":3,"column":26},"end":{"line":11,"column":1}},"1":{"start":{"line":13,"column":29},"end":{"line":17,"column":1}},"2":{"start":{"line":19,"column":31},"end":{"line":27,"column":1}},"3":{"start":{"line":29,"column":27},"end":{"line":34,"column":1}}},"fnMap":{},"branchMap":{},"s":{"0":6,"1":6,"2":6,"3":6},"f":{},"b":{},"_coverageSchema":"1a1c01bbd47fc00a2c39e90264f33305004495a9","hash":"927c95da4ef5b1526ee2813b3328b85f9c662255"}
,"D:\\work\\Otus_react\\otus_react_game_of_life\\src\\modules\\Auth\\Auth.tsx": {"path":"D:\\work\\Otus_react\\otus_react_game_of_life\\src\\modules\\Auth\\Auth.tsx","statementMap":{"0":{"start":{"line":21,"column":24},"end":{"line":25,"column":2}},"1":{"start":{"line":21,"column":46},"end":{"line":25,"column":1}},"2":{"start":{"line":26,"column":27},"end":{"line":31,"column":1}},"3":{"start":{"line":35,"column":36},"end":{"line":114,"column":1}},"4":{"start":{"line":44,"column":19},"end":{"line":50,"column":3}},"5":{"start":{"line":46,"column":6},"end":{"line":46,"column":27}},"6":{"start":{"line":47,"column":6},"end":{"line":47,"column":54}},"7":{"start":{"line":51,"column":23},"end":{"line":56,"column":3}},"8":{"start":{"line":53,"column":3},"end":{"line":53,"column":40}},"9":{"start":{"line":57,"column":25},"end":{"line":62,"column":3}},"10":{"start":{"line":59,"column":6},"end":{"line":59,"column":55}},"11":{"start":{"line":64,"column":2},"end":{"line":66,"column":22}},"12":{"start":{"line":65,"column":4},"end":{"line":65,"column":20}},"13":{"start":{"line":68,"column":2},"end":{"line":113,"column":4}},"14":{"start":{"line":116,"column":20},"end":{"line":116,"column":78}}},"fnMap":{"0":{"name":"(anonymous_0)","decl":{"start":{"line":21,"column":24},"end":{"line":21,"column":25}},"loc":{"start":{"line":21,"column":46},"end":{"line":25,"column":1}},"line":21},"1":{"name":"(anonymous_1)","decl":{"start":{"line":35,"column":36},"end":{"line":35,"column":37}},"loc":{"start":{"line":43,"column":6},"end":{"line":114,"column":1}},"line":43},"2":{"name":"(anonymous_2)","decl":{"start":{"line":45,"column":4},"end":{"line":45,"column":5}},"loc":{"start":{"line":45,"column":13},"end":{"line":48,"column":5}},"line":45},"3":{"name":"(anonymous_3)","decl":{"start":{"line":52,"column":4},"end":{"line":52,"column":5}},"loc":{"start":{"line":52,"column":24},"end":{"line":54,"column":5}},"line":52},"4":{"name":"(anonymous_4)","decl":{"start":{"line":58,"column":4},"end":{"line":58,"column":5}},"loc":{"start":{"line":58,"column":24},"end":{"line":60,"column":5}},"line":58},"5":{"name":"(anonymous_5)","decl":{"start":{"line":64,"column":12},"end":{"line":64,"column":13}},"loc":{"start":{"line":64,"column":18},"end":{"line":66,"column":3}},"line":64}},"branchMap":{"0":{"loc":{"start":{"line":68,"column":9},"end":{"line":113,"column":3}},"type":"cond-expr","locations":[{"start":{"line":69,"column":4},"end":{"line":69,"column":39}},{"start":{"line":71,"column":4},"end":{"line":112,"column":17}}],"line":68}},"s":{"0":6,"1":6,"2":6,"3":6,"4":6,"5":1,"6":1,"7":6,"8":1,"9":6,"10":1,"11":6,"12":6,"13":6,"14":6},"f":{"0":6,"1":6,"2":1,"3":1,"4":1,"5":6},"b":{"0":[0,6]},"_coverageSchema":"1a1c01bbd47fc00a2c39e90264f33305004495a9","hash":"ec65154409339a39d893f77161583a1419fabbb1"}
,"D:\\work\\Otus_react\\otus_react_game_of_life\\src\\modules\\Auth\\authReducer.ts": {"path":"D:\\work\\Otus_react\\otus_react_game_of_life\\src\\modules\\Auth\\authReducer.ts","statementMap":{"0":{"start":{"line":10,"column":40},"end":{"line":14,"column":1}},"1":{"start":{"line":16,"column":18},"end":{"line":42,"column":2}},"2":{"start":{"line":21,"column":3},"end":{"line":21,"column":35}},"3":{"start":{"line":24,"column":3},"end":{"line":24,"column":37}},"4":{"start":{"line":27,"column":3},"end":{"line":33,"column":4}},"5":{"start":{"line":28,"column":29},"end":{"line":28,"column":43}},"6":{"start":{"line":30,"column":4},"end":{"line":32,"column":5}},"7":{"start":{"line":31,"column":5},"end":{"line":31,"column":35}},"8":{"start":{"line":37,"column":3},"end":{"line":37,"column":23}},"9":{"start":{"line":38,"column":3},"end":{"line":38,"column":30}},"10":{"start":{"line":39,"column":3},"end":{"line":39,"column":21}},"11":{"start":{"line":50,"column":4},"end":{"line":50,"column":21}},"12":{"start":{"line":51,"column":27},"end":{"line":51,"column":44}}},"fnMap":{"0":{"name":"(anonymous_0)","decl":{"start":{"line":20,"column":2},"end":{"line":20,"column":3}},"loc":{"start":{"line":20,"column":29},"end":{"line":22,"column":3}},"line":20},"1":{"name":"(anonymous_1)","decl":{"start":{"line":23,"column":2},"end":{"line":23,"column":3}},"loc":{"start":{"line":23,"column":31},"end":{"line":25,"column":3}},"line":23},"2":{"name":"(anonymous_2)","decl":{"start":{"line":26,"column":2},"end":{"line":26,"column":3}},"loc":{"start":{"line":26,"column":25},"end":{"line":34,"column":3}},"line":26},"3":{"name":"(anonymous_3)","decl":{"start":{"line":35,"column":2},"end":{"line":35,"column":3}},"loc":{"start":{"line":35,"column":19},"end":{"line":35,"column":22}},"line":35},"4":{"name":"(anonymous_4)","decl":{"start":{"line":36,"column":2},"end":{"line":36,"column":3}},"loc":{"start":{"line":36,"column":16},"end":{"line":40,"column":4}},"line":36}},"branchMap":{"0":{"loc":{"start":{"line":27,"column":3},"end":{"line":33,"column":4}},"type":"if","locations":[{"start":{"line":27,"column":3},"end":{"line":33,"column":4}},{"start":{"line":27,"column":3},"end":{"line":33,"column":4}}],"line":27},"1":{"loc":{"start":{"line":30,"column":4},"end":{"line":32,"column":5}},"type":"if","locations":[{"start":{"line":30,"column":4},"end":{"line":32,"column":5}},{"start":{"line":30,"column":4},"end":{"line":32,"column":5}}],"line":30},"2":{"loc":{"start":{"line":30,"column":8},"end":{"line":30,"column":22}},"type":"binary-expr","locations":[{"start":{"line":30,"column":8},"end":{"line":30,"column":12}},{"start":{"line":30,"column":16},"end":{"line":30,"column":22}}],"line":30}},"s":{"0":7,"1":7,"2":3,"3":3,"4":10,"5":9,"6":9,"7":6,"8":2,"9":2,"10":2,"11":7,"12":7},"f":{"0":3,"1":3,"2":10,"3":2,"4":2},"b":{"0":[9,1],"1":[6,3],"2":[9,7]},"_coverageSchema":"1a1c01bbd47fc00a2c39e90264f33305004495a9","hash":"04fa8cdb585a1269c865f9039f0091e9a0c74286"}
,"D:\\work\\Otus_react\\otus_react_game_of_life\\src\\modules\\Auth\\authSaga.ts": {"path":"D:\\work\\Otus_react\\otus_react_game_of_life\\src\\modules\\Auth\\authSaga.ts","statementMap":{"0":{"start":{"line":12,"column":14},"end":{"line":12,"column":43}},"1":{"start":{"line":14,"column":1},"end":{"line":18,"column":2}},"2":{"start":{"line":15,"column":2},"end":{"line":15,"column":36}},"3":{"start":{"line":16,"column":2},"end":{"line":16,"column":40}},"4":{"start":{"line":17,"column":2},"end":{"line":17,"column":27}},"5":{"start":{"line":22,"column":28},"end":{"line":26,"column":2}},"6":{"start":{"line":29,"column":2},"end":{"line":29,"column":36}},"7":{"start":{"line":31,"column":1},"end":{"line":31,"column":73}},"8":{"start":{"line":35,"column":16},"end":{"line":35,"column":31}},"9":{"start":{"line":36,"column":14},"end":{"line":36,"column":27}},"10":{"start":{"line":38,"column":20},"end":{"line":38,"column":70}},"11":{"start":{"line":40,"column":1},"end":{"line":40,"column":35}},"12":{"start":{"line":42,"column":1},"end":{"line":42,"column":28}},"13":{"start":{"line":46,"column":1},"end":{"line":46,"column":22}},"14":{"start":{"line":50,"column":1},"end":{"line":50,"column":46}},"15":{"start":{"line":51,"column":1},"end":{"line":51,"column":38}},"16":{"start":{"line":52,"column":1},"end":{"line":52,"column":40}}},"fnMap":{"0":{"name":"getUser","decl":{"start":{"line":11,"column":10},"end":{"line":11,"column":17}},"loc":{"start":{"line":11,"column":20},"end":{"line":19,"column":1}},"line":11},"1":{"name":"createAvatar","decl":{"start":{"line":21,"column":16},"end":{"line":21,"column":28}},"loc":{"start":{"line":21,"column":56},"end":{"line":32,"column":1}},"line":21},"2":{"name":"login","decl":{"start":{"line":34,"column":10},"end":{"line":34,"column":15}},"loc":{"start":{"line":34,"column":57},"end":{"line":43,"column":1}},"line":34},"3":{"name":"doLogout","decl":{"start":{"line":45,"column":10},"end":{"line":45,"column":18}},"loc":{"start":{"line":45,"column":21},"end":{"line":47,"column":1}},"line":45},"4":{"name":"authSaga","decl":{"start":{"line":49,"column":17},"end":{"line":49,"column":25}},"loc":{"start":{"line":49,"column":28},"end":{"line":53,"column":1}},"line":49}},"branchMap":{"0":{"loc":{"start":{"line":14,"column":1},"end":{"line":18,"column":2}},"type":"if","locations":[{"start":{"line":14,"column":1},"end":{"line":18,"column":2}},{"start":{"line":14,"column":1},"end":{"line":18,"column":2}}],"line":14},"1":{"loc":{"start":{"line":29,"column":2},"end":{"line":29,"column":36}},"type":"binary-expr","locations":[{"start":{"line":29,"column":2},"end":{"line":29,"column":23}},{"start":{"line":29,"column":27},"end":{"line":29,"column":36}}],"line":29},"2":{"loc":{"start":{"line":31,"column":8},"end":{"line":31,"column":72}},"type":"cond-expr","locations":[{"start":{"line":31,"column":17},"end":{"line":31,"column":67}},{"start":{"line":31,"column":70},"end":{"line":31,"column":72}}],"line":31},"3":{"loc":{"start":{"line":38,"column":20},"end":{"line":38,"column":70}},"type":"cond-expr","locations":[{"start":{"line":38,"column":27},"end":{"line":38,"column":65}},{"start":{"line":38,"column":68},"end":{"line":38,"column":70}}],"line":38}},"s":{"0":2,"1":2,"2":1,"3":1,"4":1,"5":4,"6":4,"7":4,"8":5,"9":5,"10":5,"11":5,"12":5,"13":1,"14":10,"15":10,"16":10},"f":{"0":2,"1":4,"2":5,"3":1,"4":10},"b":{"0":[1,1],"1":[4,1],"2":[3,1],"3":[4,1]},"_coverageSchema":"1a1c01bbd47fc00a2c39e90264f33305004495a9","hash":"2586f2f61475b28ef36d031932cb6890722901ed"}
,"D:\\work\\Otus_react\\otus_react_game_of_life\\src\\modules\\Auth\\authService.ts": {"path":"D:\\work\\Otus_react\\otus_react_game_of_life\\src\\modules\\Auth\\authService.ts","statementMap":{"0":{"start":{"line":10,"column":32},"end":{"line":10,"column":42}},"1":{"start":{"line":11,"column":34},"end":{"line":11,"column":46}},"2":{"start":{"line":14,"column":15},"end":{"line":14,"column":59}},"3":{"start":{"line":16,"column":3},"end":{"line":16,"column":66}},"4":{"start":{"line":18,"column":2},"end":{"line":20,"column":3}},"5":{"start":{"line":19,"column":3},"end":{"line":19,"column":35}},"6":{"start":{"line":22,"column":2},"end":{"line":22,"column":16}},"7":{"start":{"line":26,"column":2},"end":{"line":26,"column":44}},"8":{"start":{"line":27,"column":2},"end":{"line":27,"column":46}},"9":{"start":{"line":31,"column":2},"end":{"line":33,"column":3}},"10":{"start":{"line":32,"column":3},"end":{"line":32,"column":10}},"11":{"start":{"line":35,"column":2},"end":{"line":35,"column":52}},"12":{"start":{"line":36,"column":2},"end":{"line":36,"column":56}},"13":{"start":{"line":40,"column":32},"end":{"line":40,"column":61}}},"fnMap":{"0":{"name":"(anonymous_0)","decl":{"start":{"line":13,"column":1},"end":{"line":13,"column":2}},"loc":{"start":{"line":13,"column":19},"end":{"line":23,"column":2}},"line":13},"1":{"name":"(anonymous_1)","decl":{"start":{"line":25,"column":1},"end":{"line":25,"column":2}},"loc":{"start":{"line":25,"column":10},"end":{"line":28,"column":2}},"line":25},"2":{"name":"(anonymous_2)","decl":{"start":{"line":30,"column":1},"end":{"line":30,"column":2}},"loc":{"start":{"line":30,"column":19},"end":{"line":37,"column":2}},"line":30}},"branchMap":{"0":{"loc":{"start":{"line":14,"column":15},"end":{"line":14,"column":59}},"type":"binary-expr","locations":[{"start":{"line":14,"column":15},"end":{"line":14,"column":53}},{"start":{"line":14,"column":57},"end":{"line":14,"column":59}}],"line":14},"1":{"loc":{"start":{"line":16,"column":3},"end":{"line":16,"column":66}},"type":"binary-expr","locations":[{"start":{"line":16,"column":4},"end":{"line":16,"column":54}},{"start":{"line":16,"column":59},"end":{"line":16,"column":66}}],"line":16},"2":{"loc":{"start":{"line":18,"column":2},"end":{"line":20,"column":3}},"type":"if","locations":[{"start":{"line":18,"column":2},"end":{"line":20,"column":3}},{"start":{"line":18,"column":2},"end":{"line":20,"column":3}}],"line":18},"3":{"loc":{"start":{"line":31,"column":2},"end":{"line":33,"column":3}},"type":"if","locations":[{"start":{"line":31,"column":2},"end":{"line":33,"column":3}},{"start":{"line":31,"column":2},"end":{"line":33,"column":3}}],"line":31},"4":{"loc":{"start":{"line":31,"column":6},"end":{"line":31,"column":34}},"type":"binary-expr","locations":[{"start":{"line":31,"column":6},"end":{"line":31,"column":17}},{"start":{"line":31,"column":21},"end":{"line":31,"column":34}}],"line":31}},"s":{"0":5,"1":5,"2":4,"3":4,"4":4,"5":2,"6":2,"7":3,"8":3,"9":10,"10":2,"11":8,"12":8,"13":5},"f":{"0":4,"1":3,"2":10},"b":{"0":[4,2],"1":[4,1],"2":[2,2],"3":[2,8],"4":[10,8]},"_coverageSchema":"1a1c01bbd47fc00a2c39e90264f33305004495a9","hash":"9d3e83a249a4e36e4fef3a1f9b6aa9e2b1562f4f"}
,"D:\\work\\Otus_react\\otus_react_game_of_life\\src\\modules\\Auth\\index.ts": {"path":"D:\\work\\Otus_react\\otus_react_game_of_life\\src\\modules\\Auth\\index.ts","statementMap":{},"fnMap":{},"branchMap":{},"s":{},"f":{},"b":{},"_coverageSchema":"1a1c01bbd47fc00a2c39e90264f33305004495a9","hash":"d8b68144383299a3c9c11b8e598d6ef9002c097b"}
,"D:\\work\\Otus_react\\otus_react_game_of_life\\src\\modules\\Auth\\assets\\game.svg": {"path":"D:\\work\\Otus_react\\otus_react_game_of_life\\src\\modules\\Auth\\assets\\game.svg","statementMap":{"0":{"start":{"line":1,"column":0},"end":{"line":1,"column":28}}},"fnMap":{},"branchMap":{},"s":{"0":6},"f":{},"b":{},"inputSourceMap":null,"_coverageSchema":"1a1c01bbd47fc00a2c39e90264f33305004495a9","hash":"28382eadf167f1d2eeefd7755f182128e65d644f"}
,"D:\\work\\Otus_react\\otus_react_game_of_life\\src\\modules\\Game\\Game.styles.tsx": {"path":"D:\\work\\Otus_react\\otus_react_game_of_life\\src\\modules\\Game\\Game.styles.tsx","statementMap":{"0":{"start":{"line":3,"column":29},"end":{"line":6,"column":1}},"1":{"start":{"line":8,"column":29},"end":{"line":13,"column":1}},"2":{"start":{"line":15,"column":30},"end":{"line":26,"column":1}},"3":{"start":{"line":28,"column":34},"end":{"line":35,"column":1}},"4":{"start":{"line":37,"column":33},"end":{"line":40,"column":1}},"5":{"start":{"line":42,"column":31},"end":{"line":50,"column":1}},"6":{"start":{"line":52,"column":32},"end":{"line":55,"column":1}},"7":{"start":{"line":57,"column":27},"end":{"line":60,"column":1}}},"fnMap":{},"branchMap":{},"s":{"0":6,"1":6,"2":6,"3":6,"4":6,"5":6,"6":6,"7":6},"f":{},"b":{},"_coverageSchema":"1a1c01bbd47fc00a2c39e90264f33305004495a9","hash":"a967d37226663d082f7ef7a52653848307d1e1be"}
,"D:\\work\\Otus_react\\otus_react_game_of_life\\src\\modules\\Game\\Game.tsx": {"path":"D:\\work\\Otus_react\\otus_react_game_of_life\\src\\modules\\Game\\Game.tsx","statementMap":{"0":{"start":{"line":18,"column":24},"end":{"line":24,"column":2}},"1":{"start":{"line":18,"column":46},"end":{"line":24,"column":1}},"2":{"start":{"line":26,"column":27},"end":{"line":33,"column":1}},"3":{"start":{"line":37,"column":36},"end":{"line":94,"column":1}},"4":{"start":{"line":50,"column":13},"end":{"line":50,"column":28}},"5":{"start":{"line":52,"column":27},"end":{"line":54,"column":37}},"6":{"start":{"line":53,"column":4},"end":{"line":53,"column":40}},"7":{"start":{"line":56,"column":26},"end":{"line":58,"column":28}},"8":{"start":{"line":57,"column":4},"end":{"line":57,"column":31}},"9":{"start":{"line":60,"column":18},"end":{"line":62,"column":13}},"10":{"start":{"line":61,"column":4},"end":{"line":61,"column":12}},"11":{"start":{"line":64,"column":21},"end":{"line":66,"column":14}},"12":{"start":{"line":65,"column":4},"end":{"line":65,"column":13}},"13":{"start":{"line":68,"column":2},"end":{"line":93,"column":4}},"14":{"start":{"line":96,"column":20},"end":{"line":96,"column":78}}},"fnMap":{"0":{"name":"(anonymous_0)","decl":{"start":{"line":18,"column":24},"end":{"line":18,"column":25}},"loc":{"start":{"line":18,"column":46},"end":{"line":24,"column":1}},"line":18},"1":{"name":"(anonymous_1)","decl":{"start":{"line":37,"column":36},"end":{"line":37,"column":37}},"loc":{"start":{"line":49,"column":6},"end":{"line":94,"column":1}},"line":49},"2":{"name":"(anonymous_2)","decl":{"start":{"line":52,"column":39},"end":{"line":52,"column":40}},"loc":{"start":{"line":52,"column":45},"end":{"line":54,"column":3}},"line":52},"3":{"name":"(anonymous_3)","decl":{"start":{"line":56,"column":38},"end":{"line":56,"column":39}},"loc":{"start":{"line":56,"column":44},"end":{"line":58,"column":3}},"line":56},"4":{"name":"(anonymous_4)","decl":{"start":{"line":60,"column":30},"end":{"line":60,"column":31}},"loc":{"start":{"line":60,"column":36},"end":{"line":62,"column":3}},"line":60},"5":{"name":"(anonymous_5)","decl":{"start":{"line":64,"column":33},"end":{"line":64,"column":34}},"loc":{"start":{"line":64,"column":39},"end":{"line":66,"column":3}},"line":64}},"branchMap":{"0":{"loc":{"start":{"line":53,"column":4},"end":{"line":53,"column":39}},"type":"cond-expr","locations":[{"start":{"line":53,"column":16},"end":{"line":53,"column":26}},{"start":{"line":53,"column":29},"end":{"line":53,"column":39}}],"line":53},"1":{"loc":{"start":{"line":68,"column":9},"end":{"line":93,"column":3}},"type":"cond-expr","locations":[{"start":{"line":69,"column":4},"end":{"line":90,"column":7}},{"start":{"line":92,"column":4},"end":{"line":92,"column":23}}],"line":68}},"s":{"0":6,"1":3,"2":6,"3":6,"4":3,"5":3,"6":1,"7":3,"8":1,"9":3,"10":0,"11":3,"12":1,"13":3,"14":6},"f":{"0":3,"1":3,"2":1,"3":1,"4":0,"5":1},"b":{"0":[0,1],"1":[3,0]},"_coverageSchema":"1a1c01bbd47fc00a2c39e90264f33305004495a9","hash":"cd82680e627a3cdc31d4bf87eb4c33838d9dc2d0"}
,"D:\\work\\Otus_react\\otus_react_game_of_life\\src\\modules\\Game\\Gender.ts": {"path":"D:\\work\\Otus_react\\otus_react_game_of_life\\src\\modules\\Game\\Gender.ts","statementMap":{},"fnMap":{},"branchMap":{},"s":{},"f":{},"b":{},"_coverageSchema":"1a1c01bbd47fc00a2c39e90264f33305004495a9","hash":"4d5ff2e67d7468941f22869f1daafbeb3f06ffc1"}
,"D:\\work\\Otus_react\\otus_react_game_of_life\\src\\modules\\Game\\MainLayout.tsx": {"path":"D:\\work\\Otus_react\\otus_react_game_of_life\\src\\modules\\Game\\MainLayout.tsx","statementMap":{"0":{"start":{"line":21,"column":5},"end":{"line":55,"column":1}},"1":{"start":{"line":26,"column":2},"end":{"line":54,"column":18}}},"fnMap":{"0":{"name":"(anonymous_0)","decl":{"start":{"line":21,"column":5},"end":{"line":21,"column":6}},"loc":{"start":{"line":26,"column":2},"end":{"line":54,"column":18}},"line":26}},"branchMap":{"0":{"loc":{"start":{"line":40,"column":15},"end":{"line":40,"column":45}},"type":"cond-expr","locations":[{"start":{"line":40,"column":27},"end":{"line":40,"column":35}},{"start":{"line":40,"column":38},"end":{"line":40,"column":45}}],"line":40}},"s":{"0":6,"1":3},"f":{"0":3},"b":{"0":[0,3]},"_coverageSchema":"1a1c01bbd47fc00a2c39e90264f33305004495a9","hash":"13c395d38aa9fa27639a11bc186cf2c9742b95f2"}
,"D:\\work\\Otus_react\\otus_react_game_of_life\\src\\modules\\Game\\RightSideLayout.tsx": {"path":"D:\\work\\Otus_react\\otus_react_game_of_life\\src\\modules\\Game\\RightSideLayout.tsx","statementMap":{"0":{"start":{"line":18,"column":5},"end":{"line":47,"column":1}},"1":{"start":{"line":19,"column":2},"end":{"line":46,"column":23}}},"fnMap":{"0":{"name":"(anonymous_0)","decl":{"start":{"line":18,"column":5},"end":{"line":18,"column":6}},"loc":{"start":{"line":19,"column":2},"end":{"line":46,"column":23}},"line":19}},"branchMap":{"0":{"loc":{"start":{"line":45,"column":5},"end":{"line":45,"column":57}},"type":"binary-expr","locations":[{"start":{"line":45,"column":5},"end":{"line":45,"column":12}},{"start":{"line":45,"column":16},"end":{"line":45,"column":57}}],"line":45}},"s":{"0":6,"1":3},"f":{"0":3},"b":{"0":[3,0]},"_coverageSchema":"1a1c01bbd47fc00a2c39e90264f33305004495a9","hash":"d4d575dbe0efc2aa0a3a160a786da708b68a441b"}
,"D:\\work\\Otus_react\\otus_react_game_of_life\\src\\modules\\Game\\User.ts": {"path":"D:\\work\\Otus_react\\otus_react_game_of_life\\src\\modules\\Game\\User.ts","statementMap":{},"fnMap":{},"branchMap":{},"s":{},"f":{},"b":{},"_coverageSchema":"1a1c01bbd47fc00a2c39e90264f33305004495a9","hash":"e9887919f1ca953df9bca289dbb2bbb526d730eb"}
,"D:\\work\\Otus_react\\otus_react_game_of_life\\src\\modules\\Game\\gameReducer.ts": {"path":"D:\\work\\Otus_react\\otus_react_game_of_life\\src\\modules\\Game\\gameReducer.ts","statementMap":{"0":{"start":{"line":8,"column":30},"end":{"line":33,"column":1}},"1":{"start":{"line":9,"column":51},"end":{"line":9,"column":59}},"2":{"start":{"line":10,"column":27},"end":{"line":10,"column":29}},"3":{"start":{"line":11,"column":20},"end":{"line":11,"column":42}},"4":{"start":{"line":12,"column":23},"end":{"line":12,"column":58}},"5":{"start":{"line":13,"column":18},"end":{"line":13,"column":19}},"6":{"start":{"line":15,"column":1},"end":{"line":31,"column":2}},"7":{"start":{"line":15,"column":14},"end":{"line":15,"column":15}},"8":{"start":{"line":16,"column":32},"end":{"line":16,"column":34}},"9":{"start":{"line":18,"column":2},"end":{"line":29,"column":3}},"10":{"start":{"line":18,"column":15},"end":{"line":18,"column":16}},"11":{"start":{"line":19,"column":19},"end":{"line":19,"column":33}},"12":{"start":{"line":21,"column":3},"end":{"line":26,"column":4}},"13":{"start":{"line":22,"column":4},"end":{"line":22,"column":17}},"14":{"start":{"line":23,"column":4},"end":{"line":25,"column":5}},"15":{"start":{"line":24,"column":5},"end":{"line":24,"column":33}},"16":{"start":{"line":28,"column":3},"end":{"line":28,"column":28}},"17":{"start":{"line":30,"column":2},"end":{"line":30,"column":35}},"18":{"start":{"line":32,"column":1},"end":{"line":32,"column":15}},"19":{"start":{"line":35,"column":47},"end":{"line":42,"column":1}},"20":{"start":{"line":52,"column":40},"end":{"line":58,"column":1}},"21":{"start":{"line":60,"column":27},"end":{"line":74,"column":1}},"22":{"start":{"line":65,"column":1},"end":{"line":72,"column":2}},"23":{"start":{"line":66,"column":18},"end":{"line":66,"column":31}},"24":{"start":{"line":67,"column":19},"end":{"line":67,"column":47}},"25":{"start":{"line":68,"column":2},"end":{"line":68,"column":39}},"26":{"start":{"line":69,"column":2},"end":{"line":69,"column":42}},"27":{"start":{"line":71,"column":2},"end":{"line":71,"column":17}},"28":{"start":{"line":73,"column":1},"end":{"line":73,"column":17}},"29":{"start":{"line":76,"column":18},"end":{"line":110,"column":2}},"30":{"start":{"line":81,"column":3},"end":{"line":81,"column":26}},"31":{"start":{"line":84,"column":3},"end":{"line":84,"column":27}},"32":{"start":{"line":87,"column":3},"end":{"line":87,"column":44}},"33":{"start":{"line":90,"column":3},"end":{"line":90,"column":48}},"34":{"start":{"line":93,"column":3},"end":{"line":93,"column":34}},"35":{"start":{"line":96,"column":3},"end":{"line":96,"column":35}},"36":{"start":{"line":97,"column":3},"end":{"line":97,"column":48}},"37":{"start":{"line":100,"column":3},"end":{"line":100,"column":32}},"38":{"start":{"line":103,"column":3},"end":{"line":107,"column":5}},"39":{"start":{"line":121,"column":4},"end":{"line":121,"column":21}},"40":{"start":{"line":122,"column":27},"end":{"line":122,"column":44}},"41":{"start":{"line":124,"column":29},"end":{"line":128,"column":1}},"42":{"start":{"line":125,"column":35},"end":{"line":125,"column":48}},"43":{"start":{"line":126,"column":32},"end":{"line":126,"column":42}},"44":{"start":{"line":127,"column":40},"end":{"line":127,"column":54}},"45":{"start":{"line":130,"column":25},"end":{"line":143,"column":1}},"46":{"start":{"line":131,"column":29},"end":{"line":133,"column":9}},"47":{"start":{"line":132,"column":9},"end":{"line":132,"column":30}},"48":{"start":{"line":135,"column":1},"end":{"line":140,"column":2}},"49":{"start":{"line":139,"column":2},"end":{"line":139,"column":25}},"50":{"start":{"line":142,"column":1},"end":{"line":142,"column":23}},"51":{"start":{"line":145,"column":28},"end":{"line":153,"column":1}},"52":{"start":{"line":147,"column":26},"end":{"line":147,"column":51}},"53":{"start":{"line":148,"column":26},"end":{"line":148,"column":45}},"54":{"start":{"line":151,"column":2},"end":{"line":151,"column":43}},"55":{"start":{"line":155,"column":29},"end":{"line":163,"column":1}},"56":{"start":{"line":157,"column":26},"end":{"line":157,"column":48}},"57":{"start":{"line":158,"column":26},"end":{"line":158,"column":46}},"58":{"start":{"line":161,"column":2},"end":{"line":161,"column":44}},"59":{"start":{"line":165,"column":33},"end":{"line":218,"column":1}},"60":{"start":{"line":168,"column":23},"end":{"line":173,"column":12}},"61":{"start":{"line":169,"column":3},"end":{"line":173,"column":12}},"62":{"start":{"line":175,"column":2},"end":{"line":216,"column":4}},"63":{"start":{"line":182,"column":21},"end":{"line":210,"column":5}},"64":{"start":{"line":189,"column":38},"end":{"line":189,"column":40}},"65":{"start":{"line":190,"column":6},"end":{"line":196,"column":9}},"66":{"start":{"line":197,"column":6},"end":{"line":203,"column":9}},"67":{"start":{"line":204,"column":6},"end":{"line":204,"column":74}},"68":{"start":{"line":205,"column":6},"end":{"line":205,"column":74}},"69":{"start":{"line":206,"column":6},"end":{"line":206,"column":66}},"70":{"start":{"line":207,"column":6},"end":{"line":207,"column":25}},"71":{"start":{"line":212,"column":4},"end":{"line":212,"column":39}},"72":{"start":{"line":213,"column":4},"end":{"line":213,"column":20}}},"fnMap":{"0":{"name":"(anonymous_0)","decl":{"start":{"line":8,"column":30},"end":{"line":8,"column":31}},"loc":{"start":{"line":8,"column":58},"end":{"line":33,"column":1}},"line":8},"1":{"name":"(anonymous_1)","decl":{"start":{"line":60,"column":27},"end":{"line":60,"column":28}},"loc":{"start":{"line":64,"column":5},"end":{"line":74,"column":1}},"line":64},"2":{"name":"(anonymous_2)","decl":{"start":{"line":80,"column":2},"end":{"line":80,"column":3}},"loc":{"start":{"line":80,"column":18},"end":{"line":82,"column":3}},"line":80},"3":{"name":"(anonymous_3)","decl":{"start":{"line":83,"column":2},"end":{"line":83,"column":3}},"loc":{"start":{"line":83,"column":18},"end":{"line":85,"column":3}},"line":83},"4":{"name":"(anonymous_4)","decl":{"start":{"line":86,"column":2},"end":{"line":86,"column":3}},"loc":{"start":{"line":86,"column":38},"end":{"line":88,"column":3}},"line":86},"5":{"name":"(anonymous_5)","decl":{"start":{"line":89,"column":2},"end":{"line":89,"column":3}},"loc":{"start":{"line":89,"column":15},"end":{"line":91,"column":3}},"line":89},"6":{"name":"(anonymous_6)","decl":{"start":{"line":92,"column":2},"end":{"line":92,"column":3}},"loc":{"start":{"line":92,"column":28},"end":{"line":94,"column":3}},"line":92},"7":{"name":"(anonymous_7)","decl":{"start":{"line":95,"column":2},"end":{"line":95,"column":3}},"loc":{"start":{"line":95,"column":29},"end":{"line":98,"column":3}},"line":95},"8":{"name":"(anonymous_8)","decl":{"start":{"line":99,"column":2},"end":{"line":99,"column":3}},"loc":{"start":{"line":99,"column":26},"end":{"line":101,"column":3}},"line":99},"9":{"name":"(anonymous_9)","decl":{"start":{"line":102,"column":2},"end":{"line":102,"column":3}},"loc":{"start":{"line":102,"column":31},"end":{"line":108,"column":3}},"line":102},"10":{"name":"(anonymous_10)","decl":{"start":{"line":125,"column":11},"end":{"line":125,"column":12}},"loc":{"start":{"line":125,"column":35},"end":{"line":125,"column":48}},"line":125},"11":{"name":"(anonymous_11)","decl":{"start":{"line":126,"column":8},"end":{"line":126,"column":9}},"loc":{"start":{"line":126,"column":32},"end":{"line":126,"column":42}},"line":126},"12":{"name":"(anonymous_12)","decl":{"start":{"line":127,"column":16},"end":{"line":127,"column":17}},"loc":{"start":{"line":127,"column":40},"end":{"line":127,"column":54}},"line":127},"13":{"name":"(anonymous_13)","decl":{"start":{"line":130,"column":25},"end":{"line":130,"column":26}},"loc":{"start":{"line":130,"column":85},"end":{"line":143,"column":1}},"line":130},"14":{"name":"(anonymous_14)","decl":{"start":{"line":132,"column":2},"end":{"line":132,"column":3}},"loc":{"start":{"line":132,"column":9},"end":{"line":132,"column":30}},"line":132},"15":{"name":"(anonymous_15)","decl":{"start":{"line":147,"column":2},"end":{"line":147,"column":3}},"loc":{"start":{"line":147,"column":26},"end":{"line":147,"column":51}},"line":147},"16":{"name":"(anonymous_16)","decl":{"start":{"line":148,"column":2},"end":{"line":148,"column":3}},"loc":{"start":{"line":148,"column":26},"end":{"line":148,"column":45}},"line":148},"17":{"name":"(anonymous_17)","decl":{"start":{"line":150,"column":1},"end":{"line":150,"column":2}},"loc":{"start":{"line":150,"column":19},"end":{"line":152,"column":2}},"line":150},"18":{"name":"(anonymous_18)","decl":{"start":{"line":157,"column":2},"end":{"line":157,"column":3}},"loc":{"start":{"line":157,"column":26},"end":{"line":157,"column":48}},"line":157},"19":{"name":"(anonymous_19)","decl":{"start":{"line":158,"column":2},"end":{"line":158,"column":3}},"loc":{"start":{"line":158,"column":26},"end":{"line":158,"column":46}},"line":158},"20":{"name":"(anonymous_20)","decl":{"start":{"line":160,"column":1},"end":{"line":160,"column":2}},"loc":{"start":{"line":160,"column":20},"end":{"line":162,"column":2}},"line":160},"21":{"name":"(anonymous_21)","decl":{"start":{"line":167,"column":1},"end":{"line":167,"column":2}},"loc":{"start":{"line":167,"column":25},"end":{"line":217,"column":2}},"line":167},"22":{"name":"(anonymous_22)","decl":{"start":{"line":168,"column":23},"end":{"line":168,"column":24}},"loc":{"start":{"line":169,"column":3},"end":{"line":173,"column":12}},"line":169},"23":{"name":"(anonymous_23)","decl":{"start":{"line":176,"column":3},"end":{"line":176,"column":4}},"loc":{"start":{"line":181,"column":8},"end":{"line":214,"column":4}},"line":181},"24":{"name":"(anonymous_24)","decl":{"start":{"line":183,"column":5},"end":{"line":183,"column":6}},"loc":{"start":{"line":188,"column":10},"end":{"line":208,"column":6}},"line":188}},"branchMap":{"0":{"loc":{"start":{"line":21,"column":3},"end":{"line":26,"column":4}},"type":"if","locations":[{"start":{"line":21,"column":3},"end":{"line":26,"column":4}},{"start":{"line":21,"column":3},"end":{"line":26,"column":4}}],"line":21},"1":{"loc":{"start":{"line":23,"column":4},"end":{"line":25,"column":5}},"type":"if","locations":[{"start":{"line":23,"column":4},"end":{"line":25,"column":5}},{"start":{"line":23,"column":4},"end":{"line":25,"column":5}}],"line":23},"2":{"loc":{"start":{"line":65,"column":1},"end":{"line":72,"column":2}},"type":"if","locations":[{"start":{"line":65,"column":1},"end":{"line":72,"column":2}},{"start":{"line":65,"column":1},"end":{"line":72,"column":2}}],"line":65},"3":{"loc":{"start":{"line":135,"column":1},"end":{"line":140,"column":2}},"type":"if","locations":[{"start":{"line":135,"column":1},"end":{"line":140,"column":2}},{"start":{"line":135,"column":1},"end":{"line":140,"column":2}}],"line":135},"4":{"loc":{"start":{"line":135,"column":5},"end":{"line":137,"column":59}},"type":"binary-expr","locations":[{"start":{"line":135,"column":6},"end":{"line":135,"column":33}},{"start":{"line":136,"column":3},"end":{"line":136,"column":28}},{"start":{"line":136,"column":32},"end":{"line":136,"column":57}},{"start":{"line":137,"column":3},"end":{"line":137,"column":29}},{"start":{"line":137,"column":33},"end":{"line":137,"column":58}}],"line":135},"5":{"loc":{"start":{"line":169,"column":3},"end":{"line":173,"column":12}},"type":"cond-expr","locations":[{"start":{"line":170,"column":6},"end":{"line":170,"column":7}},{"start":{"line":171,"column":6},"end":{"line":173,"column":12}}],"line":169},"6":{"loc":{"start":{"line":171,"column":6},"end":{"line":173,"column":12}},"type":"cond-expr","locations":[{"start":{"line":172,"column":7},"end":{"line":172,"column":27}},{"start":{"line":173,"column":7},"end":{"line":173,"column":12}}],"line":171},"7":{"loc":{"start":{"line":190,"column":6},"end":{"line":196,"column":8}},"type":"binary-expr","locations":[{"start":{"line":190,"column":6},"end":{"line":190,"column":27}},{"start":{"line":191,"column":7},"end":{"line":196,"column":8}}],"line":190},"8":{"loc":{"start":{"line":197,"column":6},"end":{"line":203,"column":8}},"type":"binary-expr","locations":[{"start":{"line":197,"column":6},"end":{"line":197,"column":27}},{"start":{"line":198,"column":7},"end":{"line":203,"column":8}}],"line":197},"9":{"loc":{"start":{"line":204,"column":6},"end":{"line":204,"column":73}},"type":"binary-expr","locations":[{"start":{"line":204,"column":6},"end":{"line":204,"column":29}},{"start":{"line":204,"column":33},"end":{"line":204,"column":73}}],"line":204},"10":{"loc":{"start":{"line":205,"column":6},"end":{"line":205,"column":73}},"type":"binary-expr","locations":[{"start":{"line":205,"column":6},"end":{"line":205,"column":29}},{"start":{"line":205,"column":33},"end":{"line":205,"column":73}}],"line":205}},"s":{"0":6,"1":18,"2":18,"3":18,"4":18,"5":18,"6":18,"7":18,"8":163,"9":163,"10":163,"11":1805,"12":1805,"13":573,"14":573,"15":543,"16":1805,"17":163,"18":18,"19":6,"20":6,"21":6,"22":2,"23":2,"24":2,"25":2,"26":2,"27":2,"28":0,"29":6,"30":6,"31":2,"32":2,"33":2,"34":6,"35":10,"36":10,"37":9,"38":2,"39":6,"40":6,"41":6,"42":12,"43":6,"44":0,"45":6,"46":504,"47":3432,"48":504,"49":40,"50":464,"51":6,"52":15,"53":15,"54":12,"55":6,"56":15,"57":15,"58":12,"59":6,"60":6,"61":1808,"62":6,"63":52,"64":504,"65":504,"66":504,"67":504,"68":504,"69":504,"70":504,"71":52,"72":52},"f":{"0":18,"1":2,"2":6,"3":2,"4":2,"5":2,"6":6,"7":10,"8":9,"9":2,"10":12,"11":6,"12":0,"13":504,"14":3432,"15":15,"16":15,"17":12,"18":15,"19":15,"20":12,"21":6,"22":1808,"23":52,"24":504},"b":{"0":[573,1232],"1":[543,30],"2":[2,0],"3":[40,464],"4":[504,151,141,484,353],"5":[92,1716],"6":[90,1626],"7":[504,452],"8":[504,452],"9":[504,452],"10":[504,452]},"_coverageSchema":"1a1c01bbd47fc00a2c39e90264f33305004495a9","hash":"b71818dc305d488b9ffd0f2f5b185e47a92e8a55"}
,"D:\\work\\Otus_react\\otus_react_game_of_life\\src\\modules\\Game\\gameSaga.ts": {"path":"D:\\work\\Otus_react\\otus_react_game_of_life\\src\\modules\\Game\\gameSaga.ts","statementMap":{"0":{"start":{"line":14,"column":1},"end":{"line":19,"column":2}},"1":{"start":{"line":15,"column":24},"end":{"line":15,"column":60}},"2":{"start":{"line":16,"column":24},"end":{"line":16,"column":55}},"3":{"start":{"line":17,"column":2},"end":{"line":17,"column":37}},"4":{"start":{"line":18,"column":2},"end":{"line":18,"column":31}},"5":{"start":{"line":23,"column":18},"end":{"line":23,"column":40}},"6":{"start":{"line":24,"column":1},"end":{"line":24,"column":27}},"7":{"start":{"line":25,"column":1},"end":{"line":25,"column":24}},"8":{"start":{"line":29,"column":1},"end":{"line":29,"column":46}},"9":{"start":{"line":33,"column":1},"end":{"line":33,"column":30}}},"fnMap":{"0":{"name":"playWorker","decl":{"start":{"line":13,"column":10},"end":{"line":13,"column":20}},"loc":{"start":{"line":13,"column":23},"end":{"line":20,"column":1}},"line":13},"1":{"name":"playGameFlow","decl":{"start":{"line":22,"column":10},"end":{"line":22,"column":22}},"loc":{"start":{"line":22,"column":25},"end":{"line":26,"column":1}},"line":22},"2":{"name":"startGameSaga","decl":{"start":{"line":28,"column":10},"end":{"line":28,"column":23}},"loc":{"start":{"line":28,"column":26},"end":{"line":30,"column":1}},"line":28},"3":{"name":"gameSaga","decl":{"start":{"line":32,"column":17},"end":{"line":32,"column":25}},"loc":{"start":{"line":32,"column":28},"end":{"line":34,"column":1}},"line":32}},"branchMap":{},"s":{"0":4,"1":6,"2":6,"3":6,"4":6,"5":4,"6":4,"7":1,"8":8,"9":8},"f":{"0":4,"1":4,"2":8,"3":8},"b":{},"_coverageSchema":"1a1c01bbd47fc00a2c39e90264f33305004495a9","hash":"25c21e4387afb8597b883866629bb13deebe073c"}
,"D:\\work\\Otus_react\\otus_react_game_of_life\\src\\modules\\Game\\index.ts": {"path":"D:\\work\\Otus_react\\otus_react_game_of_life\\src\\modules\\Game\\index.ts","statementMap":{},"fnMap":{},"branchMap":{},"s":{},"f":{},"b":{},"_coverageSchema":"1a1c01bbd47fc00a2c39e90264f33305004495a9","hash":"0f5bb93f069f81e62b8274573775122517796e73"}
,"D:\\work\\Otus_react\\otus_react_game_of_life\\src\\modules\\Game\\Field\\CellRow.ts": {"path":"D:\\work\\Otus_react\\otus_react_game_of_life\\src\\modules\\Game\\Field\\CellRow.ts","statementMap":{},"fnMap":{},"branchMap":{},"s":{},"f":{},"b":{},"_coverageSchema":"1a1c01bbd47fc00a2c39e90264f33305004495a9","hash":"ef62e7dfbdaa88d5ce533534b0a08dd96e8aa3fe"}
,"D:\\work\\Otus_react\\otus_react_game_of_life\\src\\modules\\Game\\Field\\Field.styles.tsx": {"path":"D:\\work\\Otus_react\\otus_react_game_of_life\\src\\modules\\Game\\Field\\Field.styles.tsx","statementMap":{"0":{"start":{"line":3,"column":27},"end":{"line":15,"column":1}},"1":{"start":{"line":4,"column":19},"end":{"line":4,"column":27}},"2":{"start":{"line":5,"column":18},"end":{"line":5,"column":25}},"3":{"start":{"line":17,"column":25},"end":{"line":20,"column":1}}},"fnMap":{"0":{"name":"(anonymous_0)","decl":{"start":{"line":4,"column":12},"end":{"line":4,"column":13}},"loc":{"start":{"line":4,"column":19},"end":{"line":4,"column":27}},"line":4},"1":{"name":"(anonymous_1)","decl":{"start":{"line":5,"column":11},"end":{"line":5,"column":12}},"loc":{"start":{"line":5,"column":18},"end":{"line":5,"column":25}},"line":5}},"branchMap":{},"s":{"0":6,"1":41,"2":41,"3":6},"f":{"0":41,"1":41},"b":{},"_coverageSchema":"1a1c01bbd47fc00a2c39e90264f33305004495a9","hash":"d06e8907981e277ba8ec223cfc950664b3ecb0dc"}
,"D:\\work\\Otus_react\\otus_react_game_of_life\\src\\modules\\Game\\Field\\Field.tsx": {"path":"D:\\work\\Otus_react\\otus_react_game_of_life\\src\\modules\\Game\\Field\\Field.tsx","statementMap":{"0":{"start":{"line":13,"column":24},"end":{"line":19,"column":2}},"1":{"start":{"line":13,"column":46},"end":{"line":19,"column":1}},"2":{"start":{"line":21,"column":27},"end":{"line":21,"column":54}},"3":{"start":{"line":26,"column":38},"end":{"line":58,"column":1}},"4":{"start":{"line":34,"column":22},"end":{"line":39,"column":3}},"5":{"start":{"line":36,"column":6},"end":{"line":36,"column":44}},"6":{"start":{"line":40,"column":2},"end":{"line":57,"column":4}},"7":{"start":{"line":43,"column":8},"end":{"line":54,"column":20}},"8":{"start":{"line":45,"column":12},"end":{"line":52,"column":14}},"9":{"start":{"line":51,"column":33},"end":{"line":51,"column":64}},"10":{"start":{"line":60,"column":21},"end":{"line":63,"column":16}}},"fnMap":{"0":{"name":"(anonymous_0)","decl":{"start":{"line":13,"column":24},"end":{"line":13,"column":25}},"loc":{"start":{"line":13,"column":46},"end":{"line":19,"column":1}},"line":13},"1":{"name":"(anonymous_1)","decl":{"start":{"line":26,"column":38},"end":{"line":26,"column":39}},"loc":{"start":{"line":33,"column":6},"end":{"line":58,"column":1}},"line":33},"2":{"name":"(anonymous_2)","decl":{"start":{"line":35,"column":4},"end":{"line":35,"column":5}},"loc":{"start":{"line":35,"column":44},"end":{"line":37,"column":5}},"line":35},"3":{"name":"(anonymous_3)","decl":{"start":{"line":42,"column":17},"end":{"line":42,"column":18}},"loc":{"start":{"line":43,"column":8},"end":{"line":54,"column":20}},"line":43},"4":{"name":"(anonymous_4)","decl":{"start":{"line":44,"column":25},"end":{"line":44,"column":26}},"loc":{"start":{"line":45,"column":12},"end":{"line":52,"column":14}},"line":45},"5":{"name":"(anonymous_5)","decl":{"start":{"line":51,"column":27},"end":{"line":51,"column":28}},"loc":{"start":{"line":51,"column":33},"end":{"line":51,"column":64}},"line":51}},"branchMap":{},"s":{"0":6,"1":41,"2":6,"3":6,"4":41,"5":1,"6":41,"7":366,"8":3608,"9":1,"10":6},"f":{"0":41,"1":41,"2":1,"3":366,"4":3608,"5":1},"b":{},"_coverageSchema":"1a1c01bbd47fc00a2c39e90264f33305004495a9","hash":"fe371f33dad13190e00513a697c4fe8d71c45320"}
,"D:\\work\\Otus_react\\otus_react_game_of_life\\src\\modules\\Game\\assets\\back.svg": {"path":"D:\\work\\Otus_react\\otus_react_game_of_life\\src\\modules\\Game\\assets\\back.svg","statementMap":{"0":{"start":{"line":1,"column":0},"end":{"line":1,"column":28}}},"fnMap":{},"branchMap":{},"s":{"0":6},"f":{},"b":{},"inputSourceMap":null,"_coverageSchema":"1a1c01bbd47fc00a2c39e90264f33305004495a9","hash":"b578b7fe5087aa1928f5c7fb25841ab8719e44c9"}
,"D:\\work\\Otus_react\\otus_react_game_of_life\\src\\modules\\Game\\assets\\forward.svg": {"path":"D:\\work\\Otus_react\\otus_react_game_of_life\\src\\modules\\Game\\assets\\forward.svg","statementMap":{"0":{"start":{"line":1,"column":0},"end":{"line":1,"column":31}}},"fnMap":{},"branchMap":{},"s":{"0":6},"f":{},"b":{},"inputSourceMap":null,"_coverageSchema":"1a1c01bbd47fc00a2c39e90264f33305004495a9","hash":"e3011f742dd564b7aca7e6634c538c70113c4dc6"}
,"D:\\work\\Otus_react\\otus_react_game_of_life\\src\\modules\\Game\\assets\\pause.svg": {"path":"D:\\work\\Otus_react\\otus_react_game_of_life\\src\\modules\\Game\\assets\\pause.svg","statementMap":{"0":{"start":{"line":1,"column":0},"end":{"line":1,"column":29}}},"fnMap":{},"branchMap":{},"s":{"0":6},"f":{},"b":{},"inputSourceMap":null,"_coverageSchema":"1a1c01bbd47fc00a2c39e90264f33305004495a9","hash":"f4314d87523a73550a2a2dc32c829d8b1c39a555"}
,"D:\\work\\Otus_react\\otus_react_game_of_life\\src\\modules\\Game\\assets\\play_pause.svg": {"path":"D:\\work\\Otus_react\\otus_react_game_of_life\\src\\modules\\Game\\assets\\play_pause.svg","statementMap":{"0":{"start":{"line":1,"column":0},"end":{"line":1,"column":34}}},"fnMap":{},"branchMap":{},"s":{"0":6},"f":{},"b":{},"inputSourceMap":null,"_coverageSchema":"1a1c01bbd47fc00a2c39e90264f33305004495a9","hash":"6f7b263b6a42c4a483a7d88884f0f9d95c9c499f"}
,"D:\\work\\Otus_react\\otus_react_game_of_life\\src\\modules\\Game\\assets\\recycle.svg": {"path":"D:\\work\\Otus_react\\otus_react_game_of_life\\src\\modules\\Game\\assets\\recycle.svg","statementMap":{"0":{"start":{"line":1,"column":0},"end":{"line":1,"column":31}}},"fnMap":{},"branchMap":{},"s":{"0":6},"f":{},"b":{},"inputSourceMap":null,"_coverageSchema":"1a1c01bbd47fc00a2c39e90264f33305004495a9","hash":"ca58d601c2471070766610534442548c770a046d"}
,"D:\\work\\Otus_react\\otus_react_game_of_life\\src\\modules\\Game\\assets\\reset.svg": {"path":"D:\\work\\Otus_react\\otus_react_game_of_life\\src\\modules\\Game\\assets\\reset.svg","statementMap":{"0":{"start":{"line":1,"column":0},"end":{"line":1,"column":29}}},"fnMap":{},"branchMap":{},"s":{"0":6},"f":{},"b":{},"inputSourceMap":null,"_coverageSchema":"1a1c01bbd47fc00a2c39e90264f33305004495a9","hash":"fff8965c12b445961414a473dc6cb807a8758700"}
,"D:\\work\\Otus_react\\otus_react_game_of_life\\src\\modules\\Game\\assets\\settings_svg.svg": {"path":"D:\\work\\Otus_react\\otus_react_game_of_life\\src\\modules\\Game\\assets\\settings_svg.svg","statementMap":{"0":{"start":{"line":1,"column":0},"end":{"line":1,"column":36}}},"fnMap":{},"branchMap":{},"s":{"0":6},"f":{},"b":{},"inputSourceMap":null,"_coverageSchema":"1a1c01bbd47fc00a2c39e90264f33305004495a9","hash":"9e852552bd72717d95dddfcde0037762084910c6"}
}
