TN:
SF:src\store.ts
FN:26,(anonymous_0)
FN:34,rootSaga
FNF:2
FNH:2
FNDA:46,(anonymous_0)
FNDA:4,rootSaga
DA:13,4
DA:18,4
DA:20,4
DA:25,4
DA:26,4
DA:27,46
DA:28,6
DA:31,46
DA:35,4
DA:36,4
DA:39,4
DA:44,4
LF:12
LH:12
BRDA:27,0,0,6
BRDA:27,0,1,40
BRF:2
BRH:2
end_of_record
TN:
SF:src\components\Cell\Cell.styles.tsx
FN:16,(anonymous_0)
FN:32,(anonymous_1)
FN:33,(anonymous_2)
FN:42,(anonymous_3)
FNF:4
FNH:4
FNDA:3608,(anonymous_0)
FNDA:3608,(anonymous_1)
FNDA:3608,(anonymous_2)
FNDA:3608,(anonymous_3)
DA:6,7
DA:11,7
DA:16,7
DA:17,3608
DA:19,1244
DA:21,2364
DA:23,0
DA:27,7
DA:32,3608
DA:33,3608
DA:42,3608
LF:11
LH:10
BRDA:17,0,0,1244
BRDA:17,0,1,2364
BRDA:17,0,2,0
BRF:3
BRH:2
end_of_record
TN:
SF:src\components\Cell\Cell.tsx
FN:11,(anonymous_0)
FNF:1
FNH:1
FNDA:3611,(anonymous_0)
DA:11,7
DA:12,3611
LF:2
LH:2
BRF:0
BRH:0
end_of_record
TN:
SF:src\components\Cell\CellState.ts
FNF:0
FNH:0
LF:0
LH:0
BRF:0
BRH:0
end_of_record
TN:
SF:src\components\Cell\index.ts
FNF:0
FNH:0
LF:0
LH:0
BRF:0
BRH:0
end_of_record
TN:
SF:src\components\ImageButton\ImageButton.styles.tsx
FN:5,(anonymous_0)
FNF:1
FNH:1
FNDA:26,(anonymous_0)
DA:3,8
DA:5,26
DA:8,8
LF:3
LH:3
BRDA:5,0,0,6
BRDA:5,0,1,20
BRF:2
BRH:2
end_of_record
TN:
SF:src\components\ImageButton\ImageButton.tsx
FN:12,(anonymous_0)
FNF:1
FNH:1
FNDA:28,(anonymous_0)
DA:12,8
DA:13,28
LF:2
LH:2
BRDA:15,0,0,28
BRDA:15,0,1,2
BRDA:16,1,0,28
BRDA:16,1,1,22
BRF:4
BRH:4
end_of_record
TN:
SF:src\components\ImageButton\index.ts
FNF:0
FNH:0
LF:0
LH:0
BRF:0
BRH:0
end_of_record
TN:
SF:src\components\ImageButton\assets\default.svg
FNF:0
FNH:0
DA:1,8
LF:1
LH:1
BRF:0
BRH:0
end_of_record
TN:
SF:src\components\SettingsPanel\GameSettings.ts
FNF:0
FNH:0
LF:0
LH:0
BRF:0
BRH:0
end_of_record
TN:
SF:src\components\SettingsPanel\Overlay.tsx
FN:4,(anonymous_0)
FNF:1
FNH:1
FNDA:1,(anonymous_0)
DA:4,7
DA:5,1
LF:2
LH:2
BRF:0
BRH:0
end_of_record
TN:
SF:src\components\SettingsPanel\SettingsPanel.styles.tsx
FNF:0
FNH:0
DA:4,7
DA:8,7
DA:18,7
DA:24,7
DA:36,7
DA:45,7
DA:50,7
DA:54,7
DA:59,7
DA:63,7
DA:68,7
DA:72,7
LF:12
LH:12
BRF:0
BRH:0
end_of_record
TN:
SF:src\components\SettingsPanel\SettingsPanel.tsx
FN:23,(anonymous_0)
FN:24,(anonymous_1)
FN:65,(anonymous_2)
FNF:3
FNH:3
FNDA:6,(anonymous_0)
FNDA:1,(anonymous_1)
FNDA:1,(anonymous_2)
DA:23,7
DA:24,6
DA:25,1
DA:26,1
DA:29,6
DA:30,3
DA:33,3
DA:65,1
LF:8
LH:8
BRDA:29,0,0,3
BRDA:29,0,1,3
BRF:2
BRH:2
end_of_record
TN:
SF:src\components\SettingsPanel\XYSettingsSet.tsx
FN:16,(anonymous_0)
FNF:1
FNH:1
FNDA:2,(anonymous_0)
DA:16,7
DA:17,2
LF:2
LH:2
BRF:0
BRH:0
end_of_record
TN:
SF:src\components\SettingsPanel\index.ts
FNF:0
FNH:0
LF:0
LH:0
BRF:0
BRH:0
end_of_record
TN:
SF:src\components\SettingsPanel\assets\cancel_svg.svg
FNF:0
FNH:0
DA:1,7
LF:1
LH:1
BRF:0
BRH:0
end_of_record
TN:
SF:src\components\SettingsPanel\assets\h_arrows_svg.svg
FNF:0
FNH:0
DA:1,7
LF:1
LH:1
BRF:0
BRH:0
end_of_record
TN:
SF:src\components\SettingsPanel\assets\ok_svg.svg
FNF:0
FNH:0
DA:1,7
LF:1
LH:1
BRF:0
BRH:0
end_of_record
TN:
SF:src\components\SettingsPanel\assets\v_arrows_svg.svg
FNF:0
FNH:0
DA:1,7
LF:1
LH:1
BRF:0
BRH:0
end_of_record
TN:
SF:src\modules\Auth\Auth.styles.tsx
FNF:0
FNH:0
DA:3,6
DA:13,6
DA:19,6
DA:29,6
LF:4
LH:4
BRF:0
BRH:0
end_of_record
TN:
SF:src\modules\Auth\Auth.tsx
FN:21,(anonymous_0)
FN:35,(anonymous_1)
FN:45,(anonymous_2)
FN:52,(anonymous_3)
FN:58,(anonymous_4)
FN:64,(anonymous_5)
FNF:6
FNH:6
FNDA:6,(anonymous_0)
FNDA:6,(anonymous_1)
FNDA:1,(anonymous_2)
FNDA:1,(anonymous_3)
FNDA:1,(anonymous_4)
FNDA:6,(anonymous_5)
DA:21,6
DA:26,6
DA:35,6
DA:44,6
DA:46,1
DA:47,1
DA:51,6
DA:53,1
DA:57,6
DA:59,1
DA:64,6
DA:65,6
DA:68,6
DA:116,6
LF:14
LH:14
BRDA:68,0,0,0
BRDA:68,0,1,6
BRF:2
BRH:1
end_of_record
TN:
SF:src\modules\Auth\authReducer.ts
FN:20,(anonymous_0)
FN:23,(anonymous_1)
FN:26,(anonymous_2)
FN:35,(anonymous_3)
FN:36,(anonymous_4)
FNF:5
FNH:5
FNDA:3,(anonymous_0)
FNDA:3,(anonymous_1)
FNDA:10,(anonymous_2)
FNDA:2,(anonymous_3)
FNDA:2,(anonymous_4)
DA:10,7
DA:16,7
DA:21,3
DA:24,3
DA:27,10
DA:28,9
DA:30,9
DA:31,6
DA:37,2
DA:38,2
DA:39,2
DA:50,7
DA:51,7
LF:13
LH:13
BRDA:27,0,0,9
BRDA:27,0,1,1
BRDA:30,1,0,6
BRDA:30,1,1,3
BRDA:30,2,0,9
BRDA:30,2,1,7
BRF:6
BRH:6
end_of_record
TN:
SF:src\modules\Auth\authSaga.ts
FN:11,getUser
FN:21,createAvatar
FN:34,login
FN:45,doLogout
FN:49,authSaga
FNF:5
FNH:5
FNDA:2,getUser
FNDA:4,createAvatar
FNDA:5,login
FNDA:1,doLogout
FNDA:10,authSaga
DA:12,2
DA:14,2
DA:15,1
DA:16,1
DA:17,1
DA:22,4
DA:29,4
DA:31,4
DA:35,5
DA:36,5
DA:38,5
DA:40,5
DA:42,5
DA:46,1
DA:50,10
DA:51,10
DA:52,10
LF:17
LH:17
BRDA:14,0,0,1
BRDA:14,0,1,1
BRDA:29,1,0,4
BRDA:29,1,1,1
BRDA:31,2,0,3
BRDA:31,2,1,1
BRDA:38,3,0,4
BRDA:38,3,1,1
BRF:8
BRH:8
end_of_record
TN:
SF:src\modules\Auth\authService.ts
FN:13,(anonymous_0)
FN:25,(anonymous_1)
FN:30,(anonymous_2)
FNF:3
FNH:3
FNDA:4,(anonymous_0)
FNDA:3,(anonymous_1)
FNDA:10,(anonymous_2)
DA:10,5
DA:11,5
DA:14,4
DA:16,4
DA:18,4
DA:19,2
DA:22,2
DA:26,3
DA:27,3
DA:31,10
DA:32,2
DA:35,8
DA:36,8
DA:40,5
LF:14
LH:14
BRDA:14,0,0,4
BRDA:14,0,1,2
BRDA:16,1,0,4
BRDA:16,1,1,1
BRDA:18,2,0,2
BRDA:18,2,1,2
BRDA:31,3,0,2
BRDA:31,3,1,8
BRDA:31,4,0,10
BRDA:31,4,1,8
BRF:10
BRH:10
end_of_record
TN:
SF:src\modules\Auth\index.ts
FNF:0
FNH:0
LF:0
LH:0
BRF:0
BRH:0
end_of_record
TN:
SF:src\modules\Auth\assets\game.svg
FNF:0
FNH:0
DA:1,6
LF:1
LH:1
BRF:0
BRH:0
end_of_record
TN:
SF:src\modules\Game\Game.styles.tsx
FNF:0
FNH:0
DA:3,6
DA:8,6
DA:15,6
DA:28,6
DA:37,6
DA:42,6
DA:52,6
DA:57,6
LF:8
LH:8
BRF:0
BRH:0
end_of_record
TN:
SF:src\modules\Game\Game.tsx
FN:18,(anonymous_0)
FN:37,(anonymous_1)
FN:52,(anonymous_2)
FN:56,(anonymous_3)
FN:60,(anonymous_4)
FN:64,(anonymous_5)
FNF:6
FNH:5
FNDA:3,(anonymous_0)
FNDA:3,(anonymous_1)
FNDA:1,(anonymous_2)
FNDA:1,(anonymous_3)
FNDA:0,(anonymous_4)
FNDA:1,(anonymous_5)
DA:18,6
DA:26,6
DA:37,6
DA:50,3
DA:52,3
DA:53,1
DA:56,3
DA:57,1
DA:60,3
DA:61,0
DA:64,3
DA:65,1
DA:68,3
DA:96,6
LF:14
LH:13
BRDA:53,0,0,0
BRDA:53,0,1,1
BRDA:68,1,0,3
BRDA:68,1,1,0
BRF:4
BRH:2
end_of_record
TN:
SF:src\modules\Game\Gender.ts
FNF:0
FNH:0
LF:0
LH:0
BRF:0
BRH:0
end_of_record
TN:
SF:src\modules\Game\MainLayout.tsx
FN:21,(anonymous_0)
FNF:1
FNH:1
FNDA:3,(anonymous_0)
DA:21,6
DA:26,3
LF:2
LH:2
BRDA:40,0,0,0
BRDA:40,0,1,3
BRF:2
BRH:1
end_of_record
TN:
SF:src\modules\Game\RightSideLayout.tsx
FN:18,(anonymous_0)
FNF:1
FNH:1
FNDA:3,(anonymous_0)
DA:18,6
DA:19,3
LF:2
LH:2
BRDA:45,0,0,3
BRDA:45,0,1,0
BRF:2
BRH:1
end_of_record
TN:
SF:src\modules\Game\User.ts
FNF:0
FNH:0
LF:0
LH:0
BRF:0
BRH:0
end_of_record
TN:
SF:src\modules\Game\gameReducer.ts
FN:8,(anonymous_0)
FN:60,(anonymous_1)
FN:80,(anonymous_2)
FN:83,(anonymous_3)
FN:86,(anonymous_4)
FN:89,(anonymous_5)
FN:92,(anonymous_6)
FN:95,(anonymous_7)
FN:99,(anonymous_8)
FN:102,(anonymous_9)
FN:125,(anonymous_10)
FN:126,(anonymous_11)
FN:127,(anonymous_12)
FN:130,(anonymous_13)
FN:132,(anonymous_14)
FN:147,(anonymous_15)
FN:148,(anonymous_16)
FN:150,(anonymous_17)
FN:157,(anonymous_18)
FN:158,(anonymous_19)
FN:160,(anonymous_20)
FN:167,(anonymous_21)
FN:168,(anonymous_22)
FN:176,(anonymous_23)
FN:183,(anonymous_24)
FNF:25
FNH:24
FNDA:18,(anonymous_0)
FNDA:2,(anonymous_1)
FNDA:6,(anonymous_2)
FNDA:2,(anonymous_3)
FNDA:2,(anonymous_4)
FNDA:2,(anonymous_5)
FNDA:6,(anonymous_6)
FNDA:10,(anonymous_7)
FNDA:9,(anonymous_8)
FNDA:2,(anonymous_9)
FNDA:12,(anonymous_10)
FNDA:6,(anonymous_11)
FNDA:0,(anonymous_12)
FNDA:504,(anonymous_13)
FNDA:3432,(anonymous_14)
FNDA:15,(anonymous_15)
FNDA:15,(anonymous_16)
FNDA:12,(anonymous_17)
FNDA:15,(anonymous_18)
FNDA:15,(anonymous_19)
FNDA:12,(anonymous_20)
FNDA:6,(anonymous_21)
FNDA:1808,(anonymous_22)
FNDA:52,(anonymous_23)
FNDA:504,(anonymous_24)
DA:8,6
DA:9,18
DA:10,18
DA:11,18
DA:12,18
DA:13,18
DA:15,18
DA:16,163
DA:18,163
DA:19,1805
DA:21,1805
DA:22,573
DA:23,573
DA:24,543
DA:28,1805
DA:30,163
DA:32,18
DA:35,6
DA:52,6
DA:60,6
DA:65,2
DA:66,2
DA:67,2
DA:68,2
DA:69,2
DA:71,2
DA:73,0
DA:76,6
DA:81,6
DA:84,2
DA:87,2
DA:90,2
DA:93,6
DA:96,10
DA:97,10
DA:100,9
DA:103,2
DA:121,6
DA:122,6
DA:124,6
DA:125,12
DA:126,6
DA:127,0
DA:130,6
DA:131,504
DA:132,3432
DA:135,504
DA:139,40
DA:142,464
DA:145,6
DA:147,15
DA:148,15
DA:151,12
DA:155,6
DA:157,15
DA:158,15
DA:161,12
DA:165,6
DA:168,6
DA:169,1808
DA:175,6
DA:182,52
DA:189,504
DA:190,504
DA:197,504
DA:204,504
DA:205,504
DA:206,504
DA:207,504
DA:212,52
DA:213,52
LF:71
LH:69
BRDA:21,0,0,573
BRDA:21,0,1,1232
BRDA:23,1,0,543
BRDA:23,1,1,30
BRDA:65,2,0,2
BRDA:65,2,1,0
BRDA:135,3,0,40
BRDA:135,3,1,464
BRDA:135,4,0,504
BRDA:135,4,1,151
BRDA:135,4,2,141
BRDA:135,4,3,484
BRDA:135,4,4,353
BRDA:169,5,0,92
BRDA:169,5,1,1716
BRDA:171,6,0,90
BRDA:171,6,1,1626
BRDA:190,7,0,504
BRDA:190,7,1,452
BRDA:197,8,0,504
BRDA:197,8,1,452
BRDA:204,9,0,504
BRDA:204,9,1,452
BRDA:205,10,0,504
BRDA:205,10,1,452
BRF:25
BRH:24
end_of_record
TN:
SF:src\modules\Game\gameSaga.ts
FN:13,playWorker
FN:22,playGameFlow
FN:28,startGameSaga
FN:32,gameSaga
FNF:4
FNH:4
FNDA:4,playWorker
FNDA:4,playGameFlow
FNDA:8,startGameSaga
FNDA:8,gameSaga
DA:14,4
DA:15,6
DA:16,6
DA:17,6
DA:18,6
DA:23,4
DA:24,4
DA:25,1
DA:29,8
DA:33,8
LF:10
LH:10
BRF:0
BRH:0
end_of_record
TN:
SF:src\modules\Game\index.ts
FNF:0
FNH:0
LF:0
LH:0
BRF:0
BRH:0
end_of_record
TN:
SF:src\modules\Game\Field\CellRow.ts
FNF:0
FNH:0
LF:0
LH:0
BRF:0
BRH:0
end_of_record
TN:
SF:src\modules\Game\Field\Field.styles.tsx
FN:4,(anonymous_0)
FN:5,(anonymous_1)
FNF:2
FNH:2
FNDA:41,(anonymous_0)
FNDA:41,(anonymous_1)
DA:3,6
DA:4,41
DA:5,41
DA:17,6
LF:4
LH:4
BRF:0
BRH:0
end_of_record
TN:
SF:src\modules\Game\Field\Field.tsx
FN:13,(anonymous_0)
FN:26,(anonymous_1)
FN:35,(anonymous_2)
FN:42,(anonymous_3)
FN:44,(anonymous_4)
FN:51,(anonymous_5)
FNF:6
FNH:6
FNDA:41,(anonymous_0)
FNDA:41,(anonymous_1)
FNDA:1,(anonymous_2)
FNDA:366,(anonymous_3)
FNDA:3608,(anonymous_4)
FNDA:1,(anonymous_5)
DA:13,41
DA:21,6
DA:26,6
DA:34,41
DA:36,1
DA:40,41
DA:43,366
DA:45,3608
DA:51,1
DA:60,6
LF:10
LH:10
BRF:0
BRH:0
end_of_record
TN:
SF:src\modules\Game\assets\back.svg
FNF:0
FNH:0
DA:1,6
LF:1
LH:1
BRF:0
BRH:0
end_of_record
TN:
SF:src\modules\Game\assets\forward.svg
FNF:0
FNH:0
DA:1,6
LF:1
LH:1
BRF:0
BRH:0
end_of_record
TN:
SF:src\modules\Game\assets\pause.svg
FNF:0
FNH:0
DA:1,6
LF:1
LH:1
BRF:0
BRH:0
end_of_record
TN:
SF:src\modules\Game\assets\play_pause.svg
FNF:0
FNH:0
DA:1,6
LF:1
LH:1
BRF:0
BRH:0
end_of_record
TN:
SF:src\modules\Game\assets\recycle.svg
FNF:0
FNH:0
DA:1,6
LF:1
LH:1
BRF:0
BRH:0
end_of_record
TN:
SF:src\modules\Game\assets\reset.svg
FNF:0
FNH:0
DA:1,6
LF:1
LH:1
BRF:0
BRH:0
end_of_record
TN:
SF:src\modules\Game\assets\settings_svg.svg
FNF:0
FNH:0
DA:1,6
LF:1
LH:1
BRF:0
BRH:0
end_of_record
